TN:
SF:src/index.ts
FNF:0
FNH:0
DA:17,0
LF:1
LH:0
BRF:0
BRH:0
end_of_record
TN:
SF:src/core/categorization/categorizer-impl.ts
FN:28,(anonymous_0)
FN:47,(anonymous_1)
FN:58,(anonymous_2)
FN:86,(anonymous_3)
FN:97,(anonymous_4)
FN:112,(anonymous_5)
FN:129,(anonymous_6)
FN:151,(anonymous_7)
FN:159,(anonymous_8)
FN:167,(anonymous_9)
FN:175,(anonymous_10)
FNF:11
FNH:1
FNDA:1,(anonymous_0)
FNDA:0,(anonymous_1)
FNDA:0,(anonymous_2)
FNDA:0,(anonymous_3)
FNDA:0,(anonymous_4)
FNDA:0,(anonymous_5)
FNDA:0,(anonymous_6)
FNDA:0,(anonymous_7)
FNDA:0,(anonymous_8)
FNDA:0,(anonymous_9)
FNDA:0,(anonymous_10)
DA:35,1
DA:36,1
DA:37,1
DA:38,1
DA:39,1
DA:40,1
DA:48,0
DA:49,0
DA:52,0
DA:54,0
DA:57,0
DA:58,0
DA:62,0
DA:64,0
DA:65,0
DA:66,0
DA:67,0
DA:72,0
DA:74,0
DA:75,0
DA:77,0
DA:78,0
DA:87,0
DA:88,0
DA:91,0
DA:94,0
DA:97,0
DA:98,0
DA:99,0
DA:100,0
DA:103,0
DA:104,0
DA:113,0
DA:114,0
DA:116,0
DA:118,0
DA:119,0
DA:130,0
DA:131,0
DA:134,0
DA:135,0
DA:136,0
DA:140,0
DA:142,0
DA:143,0
DA:152,0
DA:160,0
DA:168,0
DA:176,0
LF:49
LH:6
BRDA:33,0,0,0
BRDA:66,1,0,0
BRDA:66,1,1,0
BRDA:77,2,0,0
BRDA:77,2,1,0
BRDA:98,3,0,0
BRDA:98,3,1,0
BRDA:99,4,0,0
BRDA:99,4,1,0
BRDA:103,5,0,0
BRDA:103,5,1,0
BRDA:118,6,0,0
BRDA:118,6,1,0
BRDA:119,7,0,0
BRDA:119,7,1,0
BRDA:135,8,0,0
BRDA:135,8,1,0
BRDA:142,9,0,0
BRDA:142,9,1,0
BRDA:143,10,0,0
BRDA:143,10,1,0
BRF:21
BRH:0
end_of_record
TN:
SF:src/core/categorization/category-manager.ts
FN:18,(anonymous_0)
FN:29,(anonymous_1)
FN:114,(anonymous_2)
FN:170,(anonymous_3)
FN:185,(anonymous_4)
FN:233,(anonymous_5)
FN:247,(anonymous_6)
FN:296,(anonymous_7)
FN:317,(anonymous_8)
FN:325,(anonymous_9)
FN:356,(anonymous_10)
FN:390,(anonymous_11)
FNF:12
FNH:4
FNDA:1,(anonymous_0)
FNDA:1,(anonymous_1)
FNDA:9,(anonymous_2)
FNDA:0,(anonymous_3)
FNDA:0,(anonymous_4)
FNDA:0,(anonymous_5)
FNDA:0,(anonymous_6)
FNDA:0,(anonymous_7)
FNDA:1,(anonymous_8)
FNDA:0,(anonymous_9)
FNDA:0,(anonymous_10)
FNDA:0,(anonymous_11)
DA:19,1
DA:20,1
DA:23,1
DA:30,1
DA:31,1
DA:34,1
DA:41,1
DA:48,1
DA:56,1
DA:64,1
DA:72,1
DA:80,1
DA:88,1
DA:96,1
DA:104,1
DA:106,0
DA:115,9
DA:116,9
DA:118,9
DA:119,9
DA:121,9
DA:135,9
DA:138,9
DA:139,6
DA:140,6
DA:141,6
DA:142,0
DA:144,6
DA:145,6
DA:146,6
DA:147,6
DA:150,0
DA:152,0
DA:153,0
DA:157,9
DA:158,9
DA:160,0
DA:161,0
DA:171,0
DA:172,0
DA:174,0
DA:175,0
DA:176,0
DA:180,0
DA:182,0
DA:183,0
DA:184,0
DA:185,0
DA:186,0
DA:187,0
DA:192,0
DA:193,0
DA:194,0
DA:195,0
DA:196,0
DA:198,0
DA:199,0
DA:200,0
DA:201,0
DA:204,0
DA:206,0
DA:212,0
DA:219,0
DA:221,0
DA:222,0
DA:224,0
DA:225,0
DA:234,0
DA:235,0
DA:237,0
DA:238,0
DA:239,0
DA:240,0
DA:244,0
DA:245,0
DA:246,0
DA:247,0
DA:248,0
DA:249,0
DA:254,0
DA:256,0
DA:257,0
DA:258,0
DA:259,0
DA:260,0
DA:261,0
DA:264,0
DA:265,0
DA:266,0
DA:267,0
DA:268,0
DA:270,0
DA:271,0
DA:272,0
DA:273,0
DA:282,0
DA:284,0
DA:285,0
DA:287,0
DA:288,0
DA:297,0
DA:298,0
DA:300,0
DA:301,0
DA:302,0
DA:303,0
DA:306,0
DA:308,0
DA:309,0
DA:318,1
DA:319,1
DA:321,1
DA:324,1
DA:325,0
DA:326,0
DA:327,0
DA:329,0
DA:330,0
DA:332,0
DA:333,0
DA:334,0
DA:337,0
DA:338,0
DA:341,0
DA:345,1
DA:347,0
DA:348,0
DA:357,0
DA:358,0
DA:360,0
DA:361,0
DA:362,0
DA:363,0
DA:366,0
DA:367,0
DA:370,0
DA:371,0
DA:372,0
DA:373,0
DA:374,0
DA:378,0
DA:380,0
DA:381,0
DA:391,0
DA:392,0
DA:395,0
DA:397,0
DA:398,0
LF:148
LH:36
BRDA:106,0,0,0
BRDA:106,0,1,0
BRDA:119,1,0,9
BRDA:119,1,1,9
BRDA:123,2,0,9
BRDA:123,2,1,0
BRDA:126,3,0,9
BRDA:126,3,1,9
BRDA:127,4,0,9
BRDA:127,4,1,9
BRDA:138,5,0,6
BRDA:138,5,1,3
BRDA:140,6,0,6
BRDA:140,6,1,0
BRDA:141,7,0,0
BRDA:141,7,1,6
BRDA:144,8,0,6
BRDA:144,8,1,0
BRDA:160,9,0,0
BRDA:160,9,1,0
BRDA:161,10,0,0
BRDA:161,10,1,0
BRDA:175,11,0,0
BRDA:175,11,1,0
BRDA:180,12,0,0
BRDA:180,12,1,0
BRDA:180,13,0,0
BRDA:180,13,1,0
BRDA:182,14,0,0
BRDA:182,14,1,0
BRDA:184,15,0,0
BRDA:184,15,1,0
BRDA:184,16,0,0
BRDA:184,16,1,0
BRDA:192,17,0,0
BRDA:192,17,1,0
BRDA:194,18,0,0
BRDA:194,18,1,0
BRDA:195,19,0,0
BRDA:195,19,1,0
BRDA:198,20,0,0
BRDA:198,20,1,0
BRDA:224,21,0,0
BRDA:224,21,1,0
BRDA:225,22,0,0
BRDA:225,22,1,0
BRDA:238,23,0,0
BRDA:238,23,1,0
BRDA:244,24,0,0
BRDA:244,24,1,0
BRDA:246,25,0,0
BRDA:246,25,1,0
BRDA:246,26,0,0
BRDA:246,26,1,0
BRDA:254,27,0,0
BRDA:254,27,1,0
BRDA:254,28,0,0
BRDA:254,28,1,0
BRDA:258,29,0,0
BRDA:258,29,1,0
BRDA:264,30,0,0
BRDA:264,30,1,0
BRDA:266,31,0,0
BRDA:266,31,1,0
BRDA:267,32,0,0
BRDA:267,32,1,0
BRDA:270,33,0,0
BRDA:270,33,1,0
BRDA:284,34,0,0
BRDA:284,34,1,0
BRDA:287,35,0,0
BRDA:287,35,1,0
BRDA:288,36,0,0
BRDA:288,36,1,0
BRDA:301,37,0,0
BRDA:301,37,1,0
BRDA:308,38,0,0
BRDA:308,38,1,0
BRDA:324,39,0,0
BRDA:324,39,1,1
BRDA:327,40,0,0
BRDA:327,40,1,0
BRDA:330,41,0,0
BRDA:330,41,1,0
BRDA:333,42,0,0
BRDA:333,42,1,0
BRDA:337,43,0,0
BRDA:337,43,1,0
BRDA:347,44,0,0
BRDA:347,44,1,0
BRDA:361,45,0,0
BRDA:361,45,1,0
BRDA:366,46,0,0
BRDA:366,46,1,0
BRDA:366,47,0,0
BRDA:366,47,1,0
BRDA:373,48,0,0
BRDA:373,48,1,0
BRDA:380,49,0,0
BRDA:380,49,1,0
BRDA:392,50,0,0
BRDA:392,50,1,0
BRDA:397,51,0,0
BRDA:397,51,1,0
BRDA:398,52,0,0
BRDA:398,52,1,0
BRF:106
BRH:13
end_of_record
TN:
SF:src/core/categorization/category-matcher.ts
FN:21,(anonymous_0)
FN:35,(anonymous_1)
FN:73,(anonymous_2)
FN:84,(anonymous_3)
FN:105,(anonymous_4)
FN:126,(anonymous_5)
FN:192,(anonymous_6)
FN:203,(anonymous_7)
FN:220,(anonymous_8)
FN:229,(anonymous_9)
FN:237,(anonymous_10)
FN:251,(anonymous_11)
FN:268,(anonymous_12)
FN:288,(anonymous_13)
FN:296,(anonymous_14)
FN:313,(anonymous_15)
FN:322,(anonymous_16)
FN:336,(anonymous_17)
FN:374,(anonymous_18)
FN:394,(anonymous_19)
FN:403,(anonymous_20)
FN:418,(anonymous_21)
FNF:22
FNH:4
FNDA:1,(anonymous_0)
FNDA:1,(anonymous_1)
FNDA:0,(anonymous_2)
FNDA:0,(anonymous_3)
FNDA:0,(anonymous_4)
FNDA:0,(anonymous_5)
FNDA:0,(anonymous_6)
FNDA:0,(anonymous_7)
FNDA:0,(anonymous_8)
FNDA:0,(anonymous_9)
FNDA:0,(anonymous_10)
FNDA:0,(anonymous_11)
FNDA:0,(anonymous_12)
FNDA:0,(anonymous_13)
FNDA:0,(anonymous_14)
FNDA:0,(anonymous_15)
FNDA:0,(anonymous_16)
FNDA:0,(anonymous_17)
FNDA:2,(anonymous_18)
FNDA:5,(anonymous_19)
FNDA:0,(anonymous_20)
FNDA:0,(anonymous_21)
DA:22,1
DA:23,1
DA:24,1
DA:25,1
DA:26,1
DA:29,1
DA:36,1
DA:37,1
DA:39,1
DA:41,1
DA:42,1
DA:45,1
DA:46,1
DA:47,1
DA:51,1
DA:52,1
DA:53,1
DA:54,3
DA:55,3
DA:60,1
DA:63,1
DA:65,0
DA:74,0
DA:75,0
DA:78,0
DA:79,0
DA:80,0
DA:83,0
DA:84,0
DA:87,0
DA:88,0
DA:90,0
DA:91,0
DA:92,0
DA:100,0
DA:105,0
DA:108,0
DA:111,0
DA:113,0
DA:114,0
DA:116,0
DA:117,0
DA:127,0
DA:128,0
DA:130,0
DA:131,0
DA:134,0
DA:137,0
DA:138,0
DA:139,0
DA:143,0
DA:144,0
DA:145,0
DA:146,0
DA:147,0
DA:148,0
DA:152,0
DA:153,0
DA:154,0
DA:155,0
DA:156,0
DA:161,0
DA:162,0
DA:164,0
DA:165,0
DA:167,0
DA:168,0
DA:172,0
DA:174,0
DA:175,0
DA:177,0
DA:178,0
DA:179,0
DA:183,0
DA:184,0
DA:187,0
DA:189,0
DA:192,0
DA:193,0
DA:194,0
DA:204,0
DA:205,0
DA:207,0
DA:208,0
DA:210,0
DA:211,0
DA:221,0
DA:222,0
DA:224,0
DA:227,0
DA:229,0
DA:231,0
DA:232,0
DA:237,0
DA:239,0
DA:241,0
DA:242,0
DA:252,0
DA:253,0
DA:255,0
DA:256,0
DA:265,0
DA:268,0
DA:271,0
DA:274,0
DA:276,0
DA:278,0
DA:279,0
DA:289,0
DA:290,0
DA:293,0
DA:296,0
DA:299,0
DA:301,0
DA:303,0
DA:304,0
DA:314,0
DA:315,0
DA:316,0
DA:319,0
DA:322,0
DA:324,0
DA:325,0
DA:329,0
DA:330,0
DA:333,0
DA:336,0
DA:339,0
DA:340,0
DA:342,0
DA:343,0
DA:347,0
DA:348,0
DA:349,0
DA:350,0
DA:354,0
DA:355,0
DA:356,0
DA:357,0
DA:358,0
DA:363,0
DA:366,0
DA:376,2
DA:391,2
DA:394,5
DA:396,2
DA:404,0
DA:406,0
DA:407,0
DA:410,0
DA:423,0
DA:425,0
DA:426,0
DA:427,0
DA:431,0
DA:432,0
DA:433,0
DA:435,0
DA:437,0
DA:438,0
DA:439,0
DA:441,0
DA:444,0
DA:445,0
DA:448,0
LF:165
LH:25
BRDA:21,0,0,0
BRDA:51,1,0,1
BRDA:51,1,1,0
BRDA:54,2,0,3
BRDA:54,2,1,2
BRDA:65,3,0,0
BRDA:65,3,1,0
BRDA:91,4,0,0
BRDA:91,4,1,0
BRDA:116,5,0,0
BRDA:116,5,1,0
BRDA:146,6,0,0
BRDA:146,6,1,0
BRDA:154,7,0,0
BRDA:154,7,1,0
BRDA:165,8,0,0
BRDA:165,8,1,0
BRDA:177,9,0,0
BRDA:177,9,1,0
BRDA:189,10,0,0
BRDA:189,10,1,0
BRDA:207,11,0,0
BRDA:207,11,1,0
BRDA:210,12,0,0
BRDA:210,12,1,0
BRDA:220,13,0,0
BRDA:231,14,0,0
BRDA:231,14,1,0
BRDA:231,15,0,0
BRDA:231,15,1,0
BRDA:241,16,0,0
BRDA:241,16,1,0
BRDA:251,17,0,0
BRDA:259,18,0,0
BRDA:259,18,1,0
BRDA:265,19,0,0
BRDA:265,19,1,0
BRDA:278,20,0,0
BRDA:278,20,1,0
BRDA:279,21,0,0
BRDA:279,21,1,0
BRDA:293,22,0,0
BRDA:293,22,1,0
BRDA:303,23,0,0
BRDA:303,23,1,0
BRDA:315,24,0,0
BRDA:315,24,1,0
BRDA:322,25,0,0
BRDA:322,25,1,0
BRDA:324,26,0,0
BRDA:324,26,1,0
BRDA:342,27,0,0
BRDA:342,27,1,0
BRDA:349,28,0,0
BRDA:349,28,1,0
BRDA:355,29,0,0
BRDA:355,29,1,0
BRDA:356,30,0,0
BRDA:356,30,1,0
BRDA:357,31,0,0
BRDA:357,31,1,0
BRDA:366,32,0,0
BRDA:366,32,1,0
BRDA:394,33,0,5
BRDA:394,33,1,5
BRDA:407,34,0,0
BRDA:407,34,1,0
BRDA:426,35,0,0
BRDA:426,35,1,0
BRDA:444,36,0,0
BRDA:444,36,1,0
BRDA:444,37,0,0
BRDA:444,37,1,0
BRF:73
BRH:5
end_of_record
TN:
SF:src/core/categorization/index.ts
FN:30,createCategorizer
FNF:1
FNH:1
FNDA:1,createCategorizer
DA:32,1
DA:33,1
DA:34,1
DA:35,1
DA:36,1
DA:39,1
LF:6
LH:6
BRDA:30,0,0,1
BRF:1
BRH:1
end_of_record
TN:
SF:src/core/categorization/interfaces.ts
FNF:0
FNH:0
LF:0
LH:0
BRF:0
BRH:0
end_of_record
TN:
SF:src/core/categorization/manual-categorization-handler.ts
FN:24,(anonymous_0)
FN:42,(anonymous_1)
FN:84,(anonymous_2)
FN:103,(anonymous_3)
FN:129,(anonymous_4)
FN:146,(anonymous_5)
FN:179,(anonymous_6)
FNF:7
FNH:1
FNDA:1,(anonymous_0)
FNDA:0,(anonymous_1)
FNDA:0,(anonymous_2)
FNDA:0,(anonymous_3)
FNDA:0,(anonymous_4)
FNDA:0,(anonymous_5)
FNDA:0,(anonymous_6)
DA:29,1
DA:30,1
DA:31,1
DA:32,1
DA:33,1
DA:43,0
DA:44,0
DA:47,0
DA:48,0
DA:49,0
DA:53,0
DA:54,0
DA:63,0
DA:66,0
DA:69,0
DA:71,0
DA:73,0
DA:74,0
DA:85,0
DA:86,0
DA:89,0
DA:92,0
DA:94,0
DA:95,0
DA:104,0
DA:105,0
DA:107,0
DA:108,0
DA:109,0
DA:113,0
DA:114,0
DA:115,0
DA:118,0
DA:120,0
DA:121,0
DA:130,0
DA:131,0
DA:132,0
DA:135,0
DA:138,0
DA:141,0
DA:142,0
DA:146,0
DA:147,0
DA:152,0
DA:153,0
DA:157,0
DA:158,0
DA:161,0
DA:169,0
DA:180,0
DA:181,0
DA:182,0
DA:183,0
DA:186,0
DA:187,0
LF:56
LH:5
BRDA:27,0,0,1
BRDA:48,1,0,0
BRDA:48,1,1,0
BRDA:73,2,0,0
BRDA:73,2,1,0
BRDA:74,3,0,0
BRDA:74,3,1,0
BRDA:94,4,0,0
BRDA:94,4,1,0
BRDA:108,5,0,0
BRDA:108,5,1,0
BRDA:120,6,0,0
BRDA:120,6,1,0
BRDA:131,7,0,0
BRDA:131,7,1,0
BRDA:141,8,0,0
BRDA:141,8,1,0
BRDA:147,9,0,0
BRDA:147,9,1,0
BRDA:147,9,2,0
BRDA:152,10,0,0
BRDA:152,10,1,0
BRDA:169,11,0,0
BRDA:169,11,1,0
BRDA:181,12,0,0
BRDA:181,12,1,0
BRDA:186,13,0,0
BRDA:186,13,1,0
BRF:28
BRH:1
end_of_record
TN:
SF:src/core/categorization/relationship-generator.ts
FN:23,(anonymous_0)
FN:33,(anonymous_1)
FN:50,(anonymous_2)
FN:76,(anonymous_3)
FN:102,(anonymous_4)
FN:107,(anonymous_5)
FN:111,(anonymous_6)
FN:115,(anonymous_7)
FN:127,(anonymous_8)
FN:139,(anonymous_9)
FN:169,(anonymous_10)
FN:197,(anonymous_11)
FN:244,(anonymous_12)
FN:269,(anonymous_13)
FN:284,(anonymous_14)
FN:323,(anonymous_15)
FN:386,(anonymous_16)
FN:399,(anonymous_17)
FNF:18
FNH:1
FNDA:1,(anonymous_0)
FNDA:0,(anonymous_1)
FNDA:0,(anonymous_2)
FNDA:0,(anonymous_3)
FNDA:0,(anonymous_4)
FNDA:0,(anonymous_5)
FNDA:0,(anonymous_6)
FNDA:0,(anonymous_7)
FNDA:0,(anonymous_8)
FNDA:0,(anonymous_9)
FNDA:0,(anonymous_10)
FNDA:0,(anonymous_11)
FNDA:0,(anonymous_12)
FNDA:0,(anonymous_13)
FNDA:0,(anonymous_14)
FNDA:0,(anonymous_15)
FNDA:0,(anonymous_16)
FNDA:0,(anonymous_17)
DA:24,1
DA:25,1
DA:26,1
DA:34,0
DA:35,0
DA:38,0
DA:39,0
DA:41,0
DA:42,0
DA:45,0
DA:46,0
DA:50,0
DA:51,0
DA:56,0
DA:58,0
DA:61,0
DA:64,0
DA:67,0
DA:76,0
DA:77,0
DA:82,0
DA:84,0
DA:87,0
DA:92,0
DA:93,0
DA:103,0
DA:104,0
DA:107,0
DA:110,0
DA:111,0
DA:115,0
DA:117,0
DA:118,0
DA:128,0
DA:129,0
DA:132,0
DA:133,0
DA:135,0
DA:136,0
DA:139,0
DA:141,0
DA:142,0
DA:144,0
DA:147,0
DA:149,0
DA:150,0
DA:159,0
DA:161,0
DA:162,0
DA:173,0
DA:174,0
DA:177,0
DA:178,0
DA:181,0
DA:182,0
DA:190,0
DA:192,0
DA:194,0
DA:197,0
DA:198,0
DA:202,0
DA:203,0
DA:208,0
DA:209,0
DA:211,0
DA:212,0
DA:214,0
DA:215,0
DA:217,0
DA:218,0
DA:220,0
DA:221,0
DA:224,0
DA:232,0
DA:234,0
DA:235,0
DA:245,0
DA:246,0
DA:248,0
DA:249,0
DA:251,0
DA:252,0
DA:256,0
DA:257,0
DA:259,0
DA:260,0
DA:261,0
DA:262,0
DA:263,0
DA:266,0
DA:267,0
DA:269,0
DA:270,0
DA:272,0
DA:276,0
DA:277,0
DA:278,0
DA:279,0
DA:281,0
DA:282,0
DA:284,0
DA:285,0
DA:287,0
DA:292,0
DA:297,0
DA:301,0
DA:305,0
DA:308,0
DA:313,0
DA:315,0
DA:316,0
DA:324,0
DA:325,0
DA:328,0
DA:331,0
DA:332,0
DA:333,0
DA:341,0
DA:342,0
DA:343,0
DA:354,0
DA:355,0
DA:356,0
DA:358,0
DA:359,0
DA:365,0
DA:366,0
DA:376,0
DA:378,0
DA:388,0
DA:396,0
DA:399,0
DA:401,0
LF:133
LH:3
BRDA:41,0,0,0
BRDA:41,0,1,0
BRDA:45,1,0,0
BRDA:45,1,1,0
BRDA:51,2,0,0
BRDA:51,2,1,0
BRDA:51,2,2,0
BRDA:56,3,0,0
BRDA:56,3,1,0
BRDA:64,4,0,0
BRDA:64,4,1,0
BRDA:64,5,0,0
BRDA:64,5,1,0
BRDA:77,6,0,0
BRDA:77,6,1,0
BRDA:77,6,2,0
BRDA:82,7,0,0
BRDA:82,7,1,0
BRDA:92,8,0,0
BRDA:92,8,1,0
BRDA:93,9,0,0
BRDA:93,9,1,0
BRDA:110,10,0,0
BRDA:110,10,1,0
BRDA:117,11,0,0
BRDA:117,11,1,0
BRDA:142,12,0,0
BRDA:142,12,1,0
BRDA:147,13,0,0
BRDA:147,13,1,0
BRDA:161,14,0,0
BRDA:161,14,1,0
BRDA:194,15,0,0
BRDA:194,15,1,0
BRDA:194,16,0,0
BRDA:194,16,1,0
BRDA:198,17,0,0
BRDA:198,17,1,0
BRDA:198,17,2,0
BRDA:198,17,3,0
BRDA:202,18,0,0
BRDA:202,18,1,0
BRDA:209,19,0,0
BRDA:209,19,1,0
BRDA:209,19,2,0
BRDA:209,19,3,0
BRDA:234,20,0,0
BRDA:234,20,1,0
BRDA:251,21,0,0
BRDA:251,21,1,0
BRDA:251,22,0,0
BRDA:251,22,1,0
BRDA:260,23,0,0
BRDA:260,23,1,0
BRDA:262,24,0,0
BRDA:262,24,1,0
BRDA:262,25,0,0
BRDA:262,25,1,0
BRDA:277,26,0,0
BRDA:277,26,1,0
BRDA:277,27,0,0
BRDA:277,27,1,0
BRDA:292,28,0,0
BRDA:292,28,1,0
BRDA:292,28,2,0
BRDA:292,28,3,0
BRDA:292,28,4,0
BRDA:292,28,5,0
BRDA:297,29,0,0
BRDA:297,29,1,0
BRDA:301,30,0,0
BRDA:301,30,1,0
BRDA:301,30,2,0
BRDA:305,31,0,0
BRDA:305,31,1,0
BRDA:315,32,0,0
BRDA:315,32,1,0
BRDA:332,33,0,0
BRDA:332,33,1,0
BRDA:341,34,0,0
BRDA:341,34,1,0
BRDA:341,35,0,0
BRDA:341,35,1,0
BRDA:358,36,0,0
BRDA:358,36,1,0
BRDA:365,37,0,0
BRDA:365,37,1,0
BRDA:378,38,0,0
BRDA:378,38,1,0
BRDA:399,39,0,0
BRDA:399,39,1,0
BRF:91
BRH:0
end_of_record
TN:
SF:src/core/categorization/theme-detector.ts
FN:19,(anonymous_0)
FN:44,(anonymous_1)
FN:57,(anonymous_2)
FN:90,(anonymous_3)
FN:129,(anonymous_4)
FN:129,(anonymous_5)
FN:146,(anonymous_6)
FN:158,(anonymous_7)
FN:175,(anonymous_8)
FN:176,(anonymous_9)
FN:178,(anonymous_10)
FN:219,(anonymous_11)
FN:264,(anonymous_12)
FN:273,(anonymous_13)
FN:277,(anonymous_14)
FN:278,(anonymous_15)
FN:296,(anonymous_16)
FN:307,(anonymous_17)
FN:335,(anonymous_18)
FN:336,(anonymous_19)
FN:347,(anonymous_20)
FN:352,(anonymous_21)
FN:361,(anonymous_22)
FN:375,(anonymous_23)
FN:407,(anonymous_24)
FN:409,(anonymous_25)
FN:423,(anonymous_26)
FN:441,(anonymous_27)
FN:487,(anonymous_28)
FN:489,(anonymous_29)
FN:490,(anonymous_30)
FN:492,(anonymous_31)
FN:502,(anonymous_32)
FN:521,(anonymous_33)
FNF:34
FNH:1
FNDA:1,(anonymous_0)
FNDA:0,(anonymous_1)
FNDA:0,(anonymous_2)
FNDA:0,(anonymous_3)
FNDA:0,(anonymous_4)
FNDA:0,(anonymous_5)
FNDA:0,(anonymous_6)
FNDA:0,(anonymous_7)
FNDA:0,(anonymous_8)
FNDA:0,(anonymous_9)
FNDA:0,(anonymous_10)
FNDA:0,(anonymous_11)
FNDA:0,(anonymous_12)
FNDA:0,(anonymous_13)
FNDA:0,(anonymous_14)
FNDA:0,(anonymous_15)
FNDA:0,(anonymous_16)
FNDA:0,(anonymous_17)
FNDA:0,(anonymous_18)
FNDA:0,(anonymous_19)
FNDA:0,(anonymous_20)
FNDA:0,(anonymous_21)
FNDA:0,(anonymous_22)
FNDA:0,(anonymous_23)
FNDA:0,(anonymous_24)
FNDA:0,(anonymous_25)
FNDA:0,(anonymous_26)
FNDA:0,(anonymous_27)
FNDA:0,(anonymous_28)
FNDA:0,(anonymous_29)
FNDA:0,(anonymous_30)
FNDA:0,(anonymous_31)
FNDA:0,(anonymous_32)
FNDA:0,(anonymous_33)
DA:20,1
DA:21,1
DA:24,1
DA:45,0
DA:46,0
DA:49,0
DA:50,0
DA:51,0
DA:54,0
DA:57,0
DA:58,0
DA:59,0
DA:61,0
DA:74,0
DA:78,0
DA:79,0
DA:82,0
DA:85,0
DA:88,0
DA:90,0
DA:91,0
DA:94,0
DA:97,0
DA:98,0
DA:101,0
DA:103,0
DA:116,0
DA:120,0
DA:123,0
DA:124,0
DA:128,0
DA:129,0
DA:131,0
DA:134,0
DA:136,0
DA:137,0
DA:147,0
DA:148,0
DA:150,0
DA:151,0
DA:153,0
DA:154,0
DA:155,0
DA:158,0
DA:159,0
DA:162,0
DA:163,0
DA:166,0
DA:167,0
DA:170,0
DA:171,0
DA:175,0
DA:176,0
DA:177,0
DA:178,0
DA:183,0
DA:184,0
DA:185,0
DA:186,0
DA:192,0
DA:194,0
DA:195,0
DA:198,0
DA:199,0
DA:200,0
DA:203,0
DA:204,0
DA:208,0
DA:210,0
DA:211,0
DA:220,0
DA:221,0
DA:223,0
DA:224,0
DA:227,0
DA:228,0
DA:230,0
DA:231,0
DA:232,0
DA:235,0
DA:236,0
DA:238,0
DA:240,0
DA:241,0
DA:242,0
DA:247,0
DA:248,0
DA:252,0
DA:253,0
DA:255,0
DA:256,0
DA:265,0
DA:266,0
DA:268,0
DA:269,0
DA:272,0
DA:273,0
DA:275,0
DA:277,0
DA:278,0
DA:279,0
DA:284,0
DA:286,0
DA:289,0
DA:290,0
DA:296,0
DA:298,0
DA:299,0
DA:308,0
DA:309,0
DA:311,0
DA:312,0
DA:313,0
DA:314,0
DA:317,0
DA:320,0
DA:321,0
DA:322,0
DA:325,0
DA:328,0
DA:329,0
DA:334,0
DA:335,0
DA:336,0
DA:338,0
DA:339,0
DA:349,0
DA:352,0
DA:354,0
DA:362,0
DA:364,0
DA:365,0
DA:368,0
DA:379,0
DA:380,0
DA:381,0
DA:384,0
DA:386,0
DA:387,0
DA:388,0
DA:393,0
DA:394,0
DA:395,0
DA:398,0
DA:408,0
DA:409,0
DA:411,0
DA:412,0
DA:416,0
DA:417,0
DA:418,0
DA:420,0
DA:423,0
DA:425,0
DA:426,0
DA:429,0
DA:434,0
DA:445,0
DA:453,0
DA:461,0
DA:462,0
DA:463,0
DA:465,0
DA:466,0
DA:467,0
DA:468,0
DA:469,0
DA:473,0
DA:474,0
DA:475,0
DA:479,0
DA:489,0
DA:490,0
DA:492,0
DA:493,0
DA:496,0
DA:499,0
DA:500,0
DA:502,0
DA:503,0
DA:505,0
DA:508,0
DA:513,0
DA:522,0
DA:525,0
DA:526,0
DA:529,0
DA:532,0
DA:535,0
DA:538,0
DA:541,0
DA:550,0
LF:192
LH:3
BRDA:68,0,0,0
BRDA:68,0,1,0
BRDA:90,1,0,0
BRDA:90,1,1,0
BRDA:91,2,0,0
BRDA:91,2,1,0
BRDA:136,3,0,0
BRDA:136,3,1,0
BRDA:162,4,0,0
BRDA:162,4,1,0
BRDA:170,5,0,0
BRDA:170,5,1,0
BRDA:177,6,0,0
BRDA:177,6,1,0
BRDA:185,7,0,0
BRDA:185,7,1,0
BRDA:185,8,0,0
BRDA:185,8,1,0
BRDA:192,9,0,0
BRDA:192,9,1,0
BRDA:210,10,0,0
BRDA:210,10,1,0
BRDA:223,11,0,0
BRDA:223,11,1,0
BRDA:238,12,0,0
BRDA:238,12,1,0
BRDA:247,13,0,0
BRDA:247,13,1,0
BRDA:255,14,0,0
BRDA:255,14,1,0
BRDA:268,15,0,0
BRDA:268,15,1,0
BRDA:279,16,0,0
BRDA:279,16,1,0
BRDA:284,17,0,0
BRDA:284,17,1,0
BRDA:289,18,0,0
BRDA:289,18,1,0
BRDA:298,19,0,0
BRDA:298,19,1,0
BRDA:312,20,0,0
BRDA:312,20,1,0
BRDA:321,21,0,0
BRDA:321,21,1,0
BRDA:328,22,0,0
BRDA:328,22,1,0
BRDA:338,23,0,0
BRDA:338,23,1,0
BRDA:352,24,0,0
BRDA:352,24,1,0
BRDA:365,25,0,0
BRDA:365,25,1,0
BRDA:381,26,0,0
BRDA:381,26,1,0
BRDA:387,27,0,0
BRDA:387,27,1,0
BRDA:387,28,0,0
BRDA:387,28,1,0
BRDA:394,29,0,0
BRDA:394,29,1,0
BRDA:411,30,0,0
BRDA:411,30,1,0
BRDA:426,31,0,0
BRDA:426,31,1,0
BRDA:426,32,0,0
BRDA:426,32,1,0
BRDA:426,32,2,0
BRDA:428,33,0,0
BRDA:428,33,1,0
BRDA:466,34,0,0
BRDA:466,34,1,0
BRDA:468,35,0,0
BRDA:468,35,1,0
BRDA:474,36,0,0
BRDA:474,36,1,0
BRDA:508,37,0,0
BRDA:508,37,1,0
BRDA:509,38,0,0
BRDA:509,38,1,0
BRDA:509,39,0,0
BRDA:509,39,1,0
BRDA:525,40,0,0
BRDA:525,40,1,0
BRDA:526,41,0,0
BRDA:526,41,1,0
BRF:85
BRH:0
end_of_record
TN:
SF:src/core/content-processing/content-processor-impl.ts
FN:40,(anonymous_0)
FN:63,(anonymous_1)
FN:126,(anonymous_2)
FN:139,(anonymous_3)
FN:152,(anonymous_4)
FN:165,(anonymous_5)
FN:178,(anonymous_6)
FN:192,(anonymous_7)
FN:202,(anonymous_8)
FN:203,(anonymous_9)
FN:223,(anonymous_10)
FN:242,(anonymous_11)
FNF:12
FNH:11
FNDA:3,(anonymous_0)
FNDA:1,(anonymous_1)
FNDA:1,(anonymous_2)
FNDA:1,(anonymous_3)
FNDA:1,(anonymous_4)
FNDA:1,(anonymous_5)
FNDA:0,(anonymous_6)
FNDA:1,(anonymous_7)
FNDA:3,(anonymous_8)
FNDA:1,(anonymous_9)
FNDA:1,(anonymous_10)
FNDA:1,(anonymous_11)
DA:47,3
DA:48,3
DA:49,3
DA:50,3
DA:51,3
DA:52,3
DA:55,3
DA:64,1
DA:65,1
DA:68,1
DA:69,1
DA:70,0
DA:71,0
DA:75,1
DA:76,1
DA:77,0
DA:81,1
DA:82,1
DA:83,1
DA:86,1
DA:87,1
DA:90,1
DA:91,1
DA:94,1
DA:95,1
DA:96,1
DA:97,1
DA:101,1
DA:112,1
DA:114,1
DA:115,1
DA:117,0
DA:118,0
DA:127,1
DA:128,1
DA:130,0
DA:131,0
DA:140,1
DA:141,1
DA:143,0
DA:144,0
DA:153,1
DA:154,1
DA:156,0
DA:157,0
DA:166,1
DA:167,1
DA:169,0
DA:170,0
DA:179,0
DA:180,0
DA:182,0
DA:183,0
DA:193,1
DA:194,1
DA:200,1
DA:202,3
DA:203,1
DA:213,0
DA:214,0
DA:226,1
DA:227,0
DA:232,1
DA:233,1
DA:235,1
DA:243,1
DA:307,1
DA:317,1
LF:68
LH:48
BRDA:48,0,0,3
BRDA:48,0,1,0
BRDA:49,1,0,3
BRDA:49,1,1,0
BRDA:50,2,0,3
BRDA:50,2,1,0
BRDA:51,3,0,3
BRDA:51,3,1,0
BRDA:52,4,0,3
BRDA:52,4,1,0
BRDA:69,5,0,0
BRDA:69,5,1,1
BRDA:76,6,0,0
BRDA:76,6,1,1
BRDA:95,7,0,1
BRDA:95,7,1,0
BRDA:95,8,0,1
BRDA:95,8,1,1
BRDA:117,9,0,0
BRDA:117,9,1,0
BRDA:118,10,0,0
BRDA:118,10,1,0
BRDA:130,11,0,0
BRDA:130,11,1,0
BRDA:131,12,0,0
BRDA:131,12,1,0
BRDA:143,13,0,0
BRDA:143,13,1,0
BRDA:144,14,0,0
BRDA:144,14,1,0
BRDA:156,15,0,0
BRDA:156,15,1,0
BRDA:157,16,0,0
BRDA:157,16,1,0
BRDA:169,17,0,0
BRDA:169,17,1,0
BRDA:170,18,0,0
BRDA:170,18,1,0
BRDA:182,19,0,0
BRDA:182,19,1,0
BRDA:183,20,0,0
BRDA:183,20,1,0
BRDA:202,21,0,1
BRDA:202,21,1,0
BRDA:203,22,0,1
BRDA:203,22,1,0
BRDA:204,23,0,1
BRDA:204,23,1,0
BRDA:213,24,0,0
BRDA:213,24,1,0
BRDA:226,25,0,0
BRDA:226,25,1,1
BRDA:227,26,0,0
BRDA:227,26,1,0
BRF:54
BRH:14
end_of_record
TN:
SF:src/core/content-processing/index.ts
FN:16,createContentProcessor
FNF:1
FNH:1
FNDA:3,createContentProcessor
DA:17,3
DA:18,3
DA:19,3
DA:20,3
DA:21,3
DA:23,3
LF:6
LH:6
BRF:0
BRH:0
end_of_record
TN:
SF:src/core/content-processing/extractors/html-content-extractor.ts
FN:12,(anonymous_0)
FN:20,(anonymous_1)
FN:61,(anonymous_2)
FN:95,(anonymous_3)
FNF:4
FNH:4
FNDA:3,(anonymous_0)
FNDA:1,(anonymous_1)
FNDA:1,(anonymous_2)
FNDA:1,(anonymous_3)
DA:13,3
DA:21,1
DA:22,1
DA:25,1
DA:29,1
DA:36,1
DA:37,1
DA:38,1
DA:39,1
DA:44,0
DA:45,0
DA:46,0
DA:50,0
DA:52,0
DA:53,0
DA:62,1
DA:63,1
DA:66,1
DA:67,1
DA:68,1
DA:71,1
DA:72,1
DA:73,1
DA:74,1
DA:75,1
DA:76,1
DA:79,1
DA:82,1
DA:84,1
DA:86,0
DA:87,0
DA:96,1
DA:97,1
DA:100,1
DA:101,1
DA:102,1
DA:105,1
DA:108,1
DA:111,1
DA:112,1
DA:115,1
DA:118,1
DA:120,1
DA:122,0
DA:123,0
LF:45
LH:35
BRDA:38,0,0,1
BRDA:38,0,1,0
BRDA:38,1,0,1
BRDA:38,1,1,1
BRDA:45,2,0,0
BRDA:45,2,1,0
BRDA:45,3,0,0
BRDA:45,3,1,0
BRDA:52,4,0,0
BRDA:52,4,1,0
BRDA:86,5,0,0
BRDA:86,5,1,0
BRDA:122,6,0,0
BRDA:122,6,1,0
BRF:14
BRH:3
end_of_record
TN:
SF:src/core/content-processing/extractors/link-extractor.ts
FN:14,(anonymous_0)
FN:50,(anonymous_1)
FN:91,(anonymous_2)
FN:95,(anonymous_3)
FN:101,(anonymous_4)
FN:130,(anonymous_5)
FN:134,(anonymous_6)
FN:139,(anonymous_7)
FN:143,(anonymous_8)
FN:171,(anonymous_9)
FNF:10
FNH:10
FNDA:3,(anonymous_0)
FNDA:1,(anonymous_1)
FNDA:1,(anonymous_2)
FNDA:1,(anonymous_3)
FNDA:5,(anonymous_4)
FNDA:1,(anonymous_5)
FNDA:1,(anonymous_6)
FNDA:10,(anonymous_7)
FNDA:10,(anonymous_8)
FNDA:1,(anonymous_9)
DA:15,3
DA:18,3
DA:24,3
DA:51,1
DA:52,1
DA:54,1
DA:55,1
DA:57,1
DA:58,1
DA:59,1
DA:62,1
DA:63,0
DA:67,1
DA:69,1
DA:77,1
DA:78,1
DA:80,1
DA:82,0
DA:83,0
DA:92,1
DA:93,1
DA:95,1
DA:97,1
DA:100,1
DA:101,1
DA:102,5
DA:107,1
DA:108,1
DA:109,1
DA:114,1
DA:115,0
DA:118,1
DA:121,0
DA:122,0
DA:131,1
DA:132,1
DA:134,1
DA:136,1
DA:139,1
DA:140,10
DA:143,1
DA:144,10
DA:148,1
DA:151,1
DA:154,1
DA:155,0
DA:158,1
DA:161,0
DA:162,0
DA:172,1
DA:174,1
DA:175,1
DA:178,1
DA:179,1
DA:181,1
DA:184,1
DA:187,1
DA:189,1
DA:191,0
DA:192,0
LF:60
LH:49
BRDA:62,0,0,0
BRDA:62,0,1,1
BRDA:62,1,0,1
BRDA:62,1,1,1
BRDA:62,1,2,1
BRDA:62,1,3,1
BRDA:71,2,0,1
BRDA:71,2,1,0
BRDA:82,3,0,0
BRDA:82,3,1,0
BRDA:102,4,0,5
BRDA:102,4,1,4
BRDA:102,4,2,4
BRDA:102,4,3,4
BRDA:102,4,4,4
BRDA:107,5,0,1
BRDA:107,5,1,0
BRDA:114,6,0,0
BRDA:114,6,1,1
BRDA:121,7,0,0
BRDA:121,7,1,0
BRDA:139,8,0,1
BRDA:139,8,1,1
BRDA:143,9,0,1
BRDA:143,9,1,1
BRDA:151,10,0,1
BRDA:151,10,1,1
BRDA:151,10,2,1
BRDA:154,11,0,0
BRDA:154,11,1,1
BRDA:154,12,0,1
BRDA:154,12,1,0
BRDA:161,13,0,0
BRDA:161,13,1,0
BRDA:175,14,0,0
BRDA:175,14,1,1
BRDA:191,15,0,0
BRDA:191,15,1,0
BRF:38
BRH:23
end_of_record
TN:
SF:src/core/content-processing/extractors/topic-extractor.ts
FN:13,(anonymous_0)
FN:37,(anonymous_1)
FN:51,(anonymous_2)
FN:62,(anonymous_3)
FN:73,(anonymous_4)
FN:83,(anonymous_5)
FN:85,(anonymous_6)
FN:99,(anonymous_7)
FN:107,(anonymous_8)
FN:146,(anonymous_9)
FN:158,(anonymous_10)
FN:203,(anonymous_11)
FN:218,(anonymous_12)
FN:249,(anonymous_13)
FN:273,(anonymous_14)
FN:290,(anonymous_15)
FNF:16
FNH:14
FNDA:3,(anonymous_0)
FNDA:1,(anonymous_1)
FNDA:7,(anonymous_2)
FNDA:1,(anonymous_3)
FNDA:78,(anonymous_4)
FNDA:157,(anonymous_5)
FNDA:20,(anonymous_6)
FNDA:1,(anonymous_7)
FNDA:5,(anonymous_8)
FNDA:0,(anonymous_9)
FNDA:1,(anonymous_10)
FNDA:0,(anonymous_11)
FNDA:25,(anonymous_12)
FNDA:10,(anonymous_13)
FNDA:5,(anonymous_14)
FNDA:5,(anonymous_15)
DA:14,3
DA:17,3
DA:38,1
DA:39,1
DA:42,1
DA:45,1
DA:48,1
DA:51,7
DA:53,0
DA:54,0
DA:63,1
DA:64,1
DA:67,1
DA:70,1
DA:73,78
DA:76,1
DA:77,1
DA:78,49
DA:82,1
DA:83,157
DA:85,20
DA:87,1
DA:89,0
DA:90,0
DA:100,1
DA:101,1
DA:104,1
DA:107,1
DA:109,5
DA:110,5
DA:111,20
DA:112,20
DA:113,20
DA:114,20
DA:119,5
DA:120,5
DA:121,5
DA:122,20
DA:123,20
DA:128,5
DA:132,5
DA:137,5
DA:143,0
DA:146,0
DA:159,1
DA:161,1
DA:162,1
DA:165,1
DA:166,20
DA:169,5
DA:170,5
DA:173,5
DA:174,75
DA:177,25
DA:178,25
DA:179,15
DA:180,15
DA:183,15
DA:188,5
DA:190,5
DA:198,1
DA:200,0
DA:203,0
DA:219,25
DA:220,25
DA:221,25
DA:223,25
DA:224,25
DA:227,25
DA:229,49
DA:234,49
DA:235,26
DA:238,49
DA:241,25
DA:251,10
DA:252,0
DA:256,10
DA:257,10
DA:258,50
DA:259,50
DA:260,0
DA:265,10
DA:274,5
DA:275,5
DA:277,5
DA:278,5
DA:280,5
DA:281,5
DA:283,5
DA:291,5
LF:90
LH:80
BRDA:53,0,0,0
BRDA:53,0,1,0
BRDA:73,1,0,78
BRDA:73,1,1,63
BRDA:78,2,0,49
BRDA:78,2,1,42
BRDA:89,3,0,0
BRDA:89,3,1,0
BRDA:113,4,0,20
BRDA:113,4,1,0
BRDA:122,5,0,20
BRDA:122,5,1,0
BRDA:143,6,0,0
BRDA:143,6,1,0
BRDA:166,7,0,15
BRDA:166,7,1,5
BRDA:174,8,0,50
BRDA:174,8,1,25
BRDA:178,9,0,15
BRDA:178,9,1,10
BRDA:178,10,0,25
BRDA:178,10,1,10
BRDA:183,11,0,2
BRDA:183,11,1,13
BRDA:200,12,0,0
BRDA:200,12,1,0
BRDA:234,13,0,26
BRDA:234,13,1,23
BRDA:251,14,0,0
BRDA:251,14,1,10
BRDA:251,15,0,10
BRDA:251,15,1,10
BRDA:256,16,0,10
BRDA:256,16,1,0
BRDA:256,17,0,10
BRDA:256,17,1,10
BRDA:259,18,0,0
BRDA:259,18,1,50
BRDA:278,19,0,0
BRDA:278,19,1,5
BRF:40
BRH:26
end_of_record
TN:
SF:src/core/content-processing/parsers/newsletter-structure-parser.ts
FN:12,(anonymous_0)
FN:20,(anonymous_1)
FN:74,(anonymous_2)
FN:192,(anonymous_3)
FN:245,(anonymous_4)
FNF:5
FNH:5
FNDA:3,(anonymous_0)
FNDA:1,(anonymous_1)
FNDA:1,(anonymous_2)
FNDA:1,(anonymous_3)
FNDA:1,(anonymous_4)
DA:13,3
DA:21,1
DA:22,1
DA:25,1
DA:31,1
DA:33,1
DA:34,3
DA:35,3
DA:36,0
DA:37,0
DA:42,1
DA:45,1
DA:47,1
DA:53,0
DA:56,0
DA:75,1
DA:76,1
DA:78,1
DA:79,1
DA:82,1
DA:83,1
DA:84,0
DA:95,1
DA:97,1
DA:98,1
DA:99,1
DA:100,1
DA:102,1
DA:113,1
DA:115,1
DA:116,0
DA:117,0
DA:119,0
DA:130,1
DA:132,1
DA:133,0
DA:135,0
DA:146,1
DA:147,1
DA:148,0
DA:159,1
DA:160,0
DA:161,0
DA:163,0
DA:173,1
DA:175,0
DA:178,0
DA:193,1
DA:194,1
DA:196,1
DA:199,1
DA:200,1
DA:201,0
DA:205,1
DA:211,1
DA:212,3
DA:213,3
DA:214,0
DA:215,0
DA:220,1
DA:226,1
DA:227,3
DA:228,3
DA:229,0
DA:230,0
DA:234,1
DA:236,0
DA:237,0
DA:246,1
DA:247,1
DA:248,1
DA:250,1
DA:251,0
DA:252,0
DA:254,0
DA:255,0
DA:259,1
DA:261,0
DA:262,0
LF:79
LH:50
BRDA:35,0,0,0
BRDA:35,0,1,3
BRDA:35,1,0,3
BRDA:35,1,1,0
BRDA:53,2,0,0
BRDA:53,2,1,0
BRDA:83,3,0,0
BRDA:83,3,1,1
BRDA:83,4,0,1
BRDA:83,4,1,0
BRDA:121,5,0,0
BRDA:121,5,1,0
BRDA:147,6,0,0
BRDA:147,6,1,1
BRDA:147,7,0,1
BRDA:147,7,1,0
BRDA:159,8,0,0
BRDA:159,8,1,1
BRDA:161,9,0,0
BRDA:161,9,1,0
BRDA:175,10,0,0
BRDA:175,10,1,0
BRDA:213,11,0,0
BRDA:213,11,1,3
BRDA:213,12,0,3
BRDA:213,12,1,0
BRDA:228,13,0,0
BRDA:228,13,1,3
BRDA:228,14,0,3
BRDA:228,14,1,0
BRDA:236,15,0,0
BRDA:236,15,1,0
BRDA:254,16,0,0
BRDA:254,16,1,0
BRDA:254,17,0,0
BRDA:254,17,1,0
BRDA:254,17,2,0
BRDA:261,18,0,0
BRDA:261,18,1,0
BRF:39
BRH:11
end_of_record
TN:
SF:src/core/content-processing/utils/content-repository.ts
FN:17,(anonymous_0)
FN:26,(anonymous_1)
FN:44,(anonymous_2)
FN:67,(anonymous_3)
FN:75,(anonymous_4)
FN:120,(anonymous_5)
FNF:6
FNH:3
FNDA:3,(anonymous_0)
FNDA:1,(anonymous_1)
FNDA:1,(anonymous_2)
FNDA:0,(anonymous_3)
FNDA:0,(anonymous_4)
FNDA:0,(anonymous_5)
DA:18,3
DA:19,3
DA:27,1
DA:28,1
DA:31,1
DA:33,1
DA:35,0
DA:36,0
DA:45,1
DA:46,1
DA:49,1
DA:51,1
DA:52,1
DA:53,1
DA:56,0
DA:58,0
DA:59,0
DA:68,0
DA:69,0
DA:72,0
DA:73,0
DA:75,0
DA:76,0
DA:79,0
DA:81,0
DA:82,0
DA:85,0
DA:86,0
DA:87,0
DA:88,0
DA:90,0
DA:94,0
DA:95,0
DA:96,0
DA:100,0
DA:101,0
DA:105,0
DA:109,0
DA:111,0
DA:112,0
DA:121,0
DA:122,0
DA:125,0
DA:126,0
DA:127,0
DA:131,0
DA:133,0
DA:134,0
DA:136,0
DA:137,0
LF:50
LH:12
BRDA:35,0,0,0
BRDA:35,0,1,0
BRDA:36,1,0,0
BRDA:36,1,1,0
BRDA:51,2,0,1
BRDA:51,2,1,0
BRDA:58,3,0,0
BRDA:58,3,1,0
BRDA:72,4,0,0
BRDA:72,4,1,0
BRDA:86,5,0,0
BRDA:86,5,1,0
BRDA:86,6,0,0
BRDA:86,6,1,0
BRDA:94,7,0,0
BRDA:94,7,1,0
BRDA:100,8,0,0
BRDA:100,8,1,0
BRDA:111,9,0,0
BRDA:111,9,1,0
BRDA:125,10,0,0
BRDA:125,10,1,0
BRDA:133,11,0,0
BRDA:133,11,1,0
BRDA:136,12,0,0
BRDA:136,12,1,0
BRF:26
BRH:1
end_of_record
TN:
SF:src/core/detection/index.ts
FN:29,createNewsletterDetector
FNF:1
FNH:1
FNDA:5,createNewsletterDetector
DA:30,5
LF:1
LH:1
BRF:0
BRH:0
end_of_record
TN:
SF:src/core/detection/interfaces.ts
FNF:0
FNH:0
LF:0
LH:0
BRF:0
BRH:0
end_of_record
TN:
SF:src/core/detection/newsletter-detector-impl.ts
FN:29,(anonymous_0)
FN:44,(anonymous_1)
FN:86,(anonymous_2)
FN:113,(anonymous_3)
FN:162,(anonymous_4)
FN:172,(anonymous_5)
FN:185,(anonymous_6)
FN:210,(anonymous_7)
FN:228,(anonymous_8)
FNF:9
FNH:4
FNDA:5,(anonymous_0)
FNDA:8,(anonymous_1)
FNDA:32,(anonymous_2)
FNDA:0,(anonymous_3)
FNDA:8,(anonymous_4)
FNDA:0,(anonymous_5)
FNDA:0,(anonymous_6)
FNDA:0,(anonymous_7)
FNDA:0,(anonymous_8)
DA:30,5
DA:31,5
DA:32,5
DA:33,5
DA:34,5
DA:35,5
DA:45,8
DA:46,8
DA:49,8
DA:52,8
DA:53,8
DA:56,8
DA:57,8
DA:60,8
DA:61,8
DA:64,8
DA:65,0
DA:66,0
DA:69,8
DA:70,8
DA:74,8
DA:77,8
DA:86,8
DA:87,32
DA:90,8
DA:98,8
DA:100,8
DA:102,0
DA:103,0
DA:114,0
DA:116,0
DA:124,0
DA:126,0
DA:129,0
DA:131,0
DA:132,0
DA:134,0
DA:135,0
DA:137,0
DA:138,0
DA:140,0
DA:141,0
DA:143,0
DA:146,0
DA:150,0
DA:152,0
DA:153,0
DA:163,8
DA:173,0
DA:174,0
DA:183,0
DA:184,0
DA:185,0
DA:186,0
DA:189,0
DA:190,0
DA:191,0
DA:192,0
DA:197,0
DA:199,0
DA:200,0
DA:213,0
DA:230,0
DA:231,0
LF:64
LH:26
BRDA:64,0,0,0
BRDA:64,0,1,8
BRDA:87,1,0,32
BRDA:87,1,1,8
BRDA:93,2,0,8
BRDA:93,2,1,4
BRDA:102,3,0,0
BRDA:102,3,1,0
BRDA:116,4,0,0
BRDA:116,4,1,0
BRDA:129,5,0,0
BRDA:129,5,1,0
BRDA:129,5,2,0
BRDA:129,5,3,0
BRDA:129,5,4,0
BRDA:152,6,0,0
BRDA:152,6,1,0
BRDA:172,7,0,0
BRDA:184,8,0,0
BRDA:184,8,1,0
BRDA:184,9,0,0
BRDA:184,9,1,0
BRDA:189,10,0,0
BRDA:189,10,1,0
BRDA:191,11,0,0
BRDA:191,11,1,0
BRDA:199,12,0,0
BRDA:199,12,1,0
BRDA:230,13,0,0
BRDA:230,13,1,0
BRDA:231,14,0,0
BRDA:231,14,1,0
BRF:32
BRH:5
end_of_record
TN:
SF:src/core/detection/analyzers/content-structure-analyzer.ts
FN:116,(anonymous_0)
FN:125,(anonymous_1)
FN:193,(anonymous_2)
FN:202,(anonymous_3)
FN:232,(anonymous_4)
FN:270,(anonymous_5)
FN:294,(anonymous_6)
FN:304,(anonymous_7)
FN:329,(anonymous_8)
FN:330,(anonymous_9)
FN:342,(anonymous_10)
FN:352,(anonymous_11)
FN:374,(anonymous_12)
FN:375,(anonymous_13)
FNF:14
FNH:11
FNDA:5,(anonymous_0)
FNDA:8,(anonymous_1)
FNDA:0,(anonymous_2)
FNDA:6,(anonymous_3)
FNDA:6,(anonymous_4)
FNDA:6,(anonymous_5)
FNDA:8,(anonymous_6)
FNDA:0,(anonymous_7)
FNDA:36,(anonymous_8)
FNDA:420,(anonymous_9)
FNDA:6,(anonymous_10)
FNDA:12,(anonymous_11)
FNDA:3,(anonymous_12)
FNDA:0,(anonymous_13)
DA:15,5
DA:16,5
DA:20,5
DA:117,5
DA:126,8
DA:127,8
DA:129,8
DA:130,0
DA:134,8
DA:136,8
DA:137,2
DA:146,6
DA:147,6
DA:148,6
DA:152,6
DA:158,6
DA:159,6
DA:160,6
DA:161,6
DA:162,6
DA:164,6
DA:166,6
DA:179,0
DA:180,0
DA:194,0
DA:204,6
DA:207,6
DA:210,6
DA:211,0
DA:215,6
DA:216,0
DA:220,6
DA:221,2
DA:224,4
DA:234,6
DA:237,6
DA:240,6
DA:243,6
DA:246,6
DA:248,6
DA:249,6
DA:252,6
DA:253,6
DA:256,6
DA:259,5
DA:262,6
DA:272,6
DA:275,6
DA:279,6
DA:280,6
DA:282,6
DA:283,0
DA:286,6
DA:295,8
DA:297,8
DA:298,6
DA:300,2
DA:304,0
DA:305,0
DA:306,0
DA:307,0
DA:311,0
DA:312,0
DA:313,0
DA:317,0
DA:320,0
DA:330,36
DA:331,420
DA:332,420
DA:343,6
DA:353,12
DA:354,12
DA:357,12
DA:358,12
DA:359,3
DA:361,3
DA:362,3
DA:367,12
DA:368,12
DA:369,3
DA:373,12
DA:374,3
DA:375,0
LF:83
LH:66
BRDA:129,0,0,0
BRDA:129,0,1,8
BRDA:136,1,0,2
BRDA:136,1,1,6
BRDA:159,2,0,2
BRDA:159,2,1,4
BRDA:160,3,0,3
BRDA:160,3,1,3
BRDA:161,4,0,0
BRDA:161,4,1,6
BRDA:162,5,0,3
BRDA:162,5,1,3
BRDA:164,6,0,5
BRDA:164,6,1,1
BRDA:179,7,0,0
BRDA:179,7,1,0
BRDA:184,8,0,0
BRDA:184,8,1,0
BRDA:210,9,0,0
BRDA:210,9,1,6
BRDA:215,10,0,0
BRDA:215,10,1,6
BRDA:215,11,0,6
BRDA:215,11,1,6
BRDA:220,12,0,2
BRDA:220,12,1,4
BRDA:248,13,0,1
BRDA:248,13,1,5
BRDA:249,14,0,5
BRDA:249,14,1,1
BRDA:256,15,0,5
BRDA:256,15,1,1
BRDA:256,16,0,6
BRDA:256,16,1,1
BRDA:256,16,2,1
BRDA:282,17,0,0
BRDA:282,17,1,6
BRDA:282,18,0,6
BRDA:282,18,1,6
BRDA:295,19,0,8
BRDA:295,19,1,0
BRDA:297,20,0,6
BRDA:297,20,1,2
BRDA:297,21,0,8
BRDA:297,21,1,6
BRDA:306,22,0,0
BRDA:306,22,1,0
BRDA:306,23,0,0
BRDA:306,23,1,0
BRDA:311,24,0,0
BRDA:311,24,1,0
BRDA:311,25,0,0
BRDA:311,25,1,0
BRDA:313,26,0,0
BRDA:313,26,1,0
BRDA:343,27,0,6
BRDA:343,27,1,3
BRDA:359,28,0,3
BRDA:359,28,1,0
BRDA:369,29,0,3
BRDA:369,29,1,3
BRF:61
BRH:40
end_of_record
TN:
SF:src/core/detection/analyzers/header-analyzer.ts
FN:89,(anonymous_0)
FN:98,(anonymous_1)
FN:156,(anonymous_2)
FN:165,(anonymous_3)
FN:167,(anonymous_4)
FN:177,(anonymous_5)
FN:179,(anonymous_6)
FN:180,(anonymous_7)
FN:205,(anonymous_8)
FN:213,(anonymous_9)
FN:221,(anonymous_10)
FN:234,(anonymous_11)
FN:246,(anonymous_12)
FNF:13
FNH:12
FNDA:5,(anonymous_0)
FNDA:8,(anonymous_1)
FNDA:0,(anonymous_2)
FNDA:8,(anonymous_3)
FNDA:33,(anonymous_4)
FNDA:8,(anonymous_5)
FNDA:160,(anonymous_6)
FNDA:720,(anonymous_7)
FNDA:8,(anonymous_8)
FNDA:68,(anonymous_9)
FNDA:60,(anonymous_10)
FNDA:30,(anonymous_11)
FNDA:8,(anonymous_12)
DA:15,5
DA:16,5
DA:20,5
DA:44,5
DA:66,5
DA:90,5
DA:99,8
DA:100,8
DA:102,8
DA:103,0
DA:106,8
DA:107,8
DA:108,8
DA:111,8
DA:112,8
DA:116,8
DA:122,8
DA:123,8
DA:124,8
DA:125,8
DA:126,8
DA:128,8
DA:142,0
DA:143,0
DA:157,0
DA:166,8
DA:167,33
DA:169,8
DA:179,8
DA:180,160
DA:181,720
DA:186,8
DA:188,2
DA:192,6
DA:194,0
DA:197,6
DA:206,8
DA:209,8
DA:210,8
DA:213,8
DA:214,68
DA:217,8
DA:220,3
DA:221,3
DA:222,60
DA:225,3
DA:228,3
DA:229,3
DA:234,30
DA:235,0
DA:238,3
DA:247,8
DA:249,8
DA:250,8
DA:251,36
DA:252,36
DA:257,8
LF:57
LH:51
BRDA:102,0,0,0
BRDA:102,0,1,8
BRDA:111,1,0,8
BRDA:111,1,1,0
BRDA:123,2,0,5
BRDA:123,2,1,3
BRDA:124,3,0,2
BRDA:124,3,1,6
BRDA:125,4,0,5
BRDA:125,4,1,3
BRDA:126,5,0,3
BRDA:126,5,1,5
BRDA:142,6,0,0
BRDA:142,6,1,0
BRDA:147,7,0,0
BRDA:147,7,1,0
BRDA:169,8,0,5
BRDA:169,8,1,3
BRDA:186,9,0,2
BRDA:186,9,1,6
BRDA:192,10,0,0
BRDA:192,10,1,6
BRDA:206,11,0,0
BRDA:206,11,1,8
BRDA:209,12,0,8
BRDA:209,12,1,2
BRDA:210,13,0,8
BRDA:210,13,1,0
BRDA:217,14,0,5
BRDA:217,14,1,3
BRDA:220,15,0,3
BRDA:220,15,1,0
BRDA:225,16,0,0
BRDA:225,16,1,3
BRDA:228,17,0,3
BRDA:228,17,1,0
BRDA:234,18,0,0
BRDA:234,18,1,3
BRDA:249,19,0,8
BRDA:249,19,1,0
BRDA:251,20,0,36
BRDA:251,20,1,0
BRDA:251,21,0,36
BRDA:251,21,1,36
BRF:44
BRH:29
end_of_record
TN:
SF:src/core/detection/analyzers/sender-reputation-tracker.ts
FN:72,(anonymous_0)
FN:82,(anonymous_1)
FN:91,(anonymous_2)
FN:188,(anonymous_3)
FN:197,(anonymous_4)
FN:219,(anonymous_5)
FN:256,(anonymous_6)
FN:315,(anonymous_7)
FN:340,(anonymous_8)
FN:351,(anonymous_9)
FN:360,(anonymous_10)
FNF:11
FNH:8
FNDA:5,(anonymous_0)
FNDA:8,(anonymous_1)
FNDA:8,(anonymous_2)
FNDA:0,(anonymous_3)
FNDA:0,(anonymous_4)
FNDA:8,(anonymous_5)
FNDA:0,(anonymous_6)
FNDA:8,(anonymous_7)
FNDA:8,(anonymous_8)
FNDA:116,(anonymous_9)
FNDA:5,(anonymous_10)
DA:31,5
DA:32,5
DA:36,5
DA:37,5
DA:40,5
DA:73,5
DA:74,5
DA:83,8
DA:84,8
DA:86,8
DA:87,0
DA:91,8
DA:92,8
DA:95,8
DA:96,0
DA:105,8
DA:106,8
DA:107,0
DA:116,8
DA:119,8
DA:120,8
DA:122,8
DA:123,8
DA:124,8
DA:127,8
DA:128,0
DA:129,0
DA:131,0
DA:132,0
DA:133,0
DA:135,0
DA:139,8
DA:140,0
DA:141,0
DA:142,0
DA:145,8
DA:146,0
DA:147,0
DA:149,0
DA:150,0
DA:151,0
DA:153,0
DA:156,8
DA:157,8
DA:160,8
DA:174,0
DA:175,0
DA:189,0
DA:199,0
DA:200,0
DA:201,0
DA:204,0
DA:205,0
DA:210,0
DA:211,0
DA:221,8
DA:222,0
DA:223,0
DA:225,0
DA:226,0
DA:231,8
DA:234,8
DA:235,0
DA:238,8
DA:239,0
DA:240,0
DA:242,0
DA:243,0
DA:248,8
DA:257,0
DA:259,0
DA:260,0
DA:262,0
DA:263,0
DA:265,0
DA:268,0
DA:269,0
DA:271,0
DA:280,0
DA:281,0
DA:283,0
DA:284,0
DA:286,0
DA:287,0
DA:289,0
DA:292,0
DA:293,0
DA:295,0
DA:303,0
DA:305,0
DA:306,0
DA:317,8
DA:318,0
DA:322,8
DA:323,0
DA:324,0
DA:327,0
DA:328,0
DA:332,8
DA:342,8
DA:343,8
DA:352,116
DA:353,116
DA:362,5
DA:378,5
DA:379,65
DA:387,65
DA:388,65
DA:390,65
DA:391,0
DA:392,0
DA:393,0
DA:395,65
DA:405,5
DA:415,5
DA:416,35
DA:424,35
DA:425,35
DA:427,35
DA:428,10
DA:429,10
DA:430,10
DA:432,25
LF:123
LH:56
BRDA:86,0,0,0
BRDA:86,0,1,8
BRDA:95,1,0,0
BRDA:95,1,1,8
BRDA:106,2,0,0
BRDA:106,2,1,8
BRDA:127,3,0,0
BRDA:127,3,1,8
BRDA:131,4,0,0
BRDA:131,4,1,0
BRDA:139,5,0,0
BRDA:139,5,1,8
BRDA:145,6,0,0
BRDA:145,6,1,8
BRDA:149,7,0,0
BRDA:149,7,1,0
BRDA:174,8,0,0
BRDA:174,8,1,0
BRDA:179,9,0,0
BRDA:179,9,1,0
BRDA:199,10,0,0
BRDA:199,10,1,0
BRDA:204,11,0,0
BRDA:204,11,1,0
BRDA:221,12,0,0
BRDA:221,12,1,8
BRDA:225,13,0,0
BRDA:225,13,1,0
BRDA:234,14,0,0
BRDA:234,14,1,8
BRDA:238,15,0,0
BRDA:238,15,1,8
BRDA:242,16,0,0
BRDA:242,16,1,0
BRDA:259,17,0,0
BRDA:259,17,1,0
BRDA:262,18,0,0
BRDA:262,18,1,0
BRDA:273,19,0,0
BRDA:273,19,1,0
BRDA:274,20,0,0
BRDA:274,20,1,0
BRDA:281,21,0,0
BRDA:281,21,1,0
BRDA:283,22,0,0
BRDA:283,22,1,0
BRDA:286,23,0,0
BRDA:286,23,1,0
BRDA:297,24,0,0
BRDA:297,24,1,0
BRDA:298,25,0,0
BRDA:298,25,1,0
BRDA:305,26,0,0
BRDA:305,26,1,0
BRDA:317,27,0,0
BRDA:317,27,1,8
BRDA:322,28,0,0
BRDA:322,28,1,8
BRDA:327,29,0,0
BRDA:327,29,1,0
BRDA:342,30,0,8
BRDA:342,30,1,2
BRDA:343,31,0,8
BRDA:343,31,1,0
BRDA:353,32,0,116
BRDA:353,32,1,0
BRDA:388,33,0,0
BRDA:388,33,1,65
BRDA:390,34,0,0
BRDA:390,34,1,65
BRDA:425,35,0,0
BRDA:425,35,1,35
BRDA:427,36,0,10
BRDA:427,36,1,25
BRF:74
BRH:20
end_of_record
TN:
SF:src/core/detection/utils/detection-confidence-calculator.ts
FN:30,(anonymous_0)
FN:39,(anonymous_1)
FN:80,(anonymous_2)
FN:91,(anonymous_3)
FN:100,(anonymous_4)
FN:108,(anonymous_5)
FN:123,(anonymous_6)
FNF:7
FNH:4
FNDA:5,(anonymous_0)
FNDA:8,(anonymous_1)
FNDA:8,(anonymous_2)
FNDA:32,(anonymous_3)
FNDA:0,(anonymous_4)
FNDA:0,(anonymous_5)
FNDA:0,(anonymous_6)
DA:17,5
DA:25,5
DA:31,5
DA:40,8
DA:41,8
DA:43,8
DA:44,0
DA:47,8
DA:48,8
DA:50,8
DA:52,32
DA:56,32
DA:59,32
DA:60,32
DA:64,8
DA:65,0
DA:68,8
DA:70,0
DA:71,0
DA:82,8
DA:92,32
DA:101,0
DA:102,0
DA:105,0
DA:108,0
DA:110,0
DA:112,0
DA:113,0
DA:124,0
DA:125,0
DA:128,0
DA:129,0
LF:32
LH:17
BRDA:43,0,0,0
BRDA:43,0,1,8
BRDA:64,1,0,0
BRDA:64,1,1,8
BRDA:70,2,0,0
BRDA:70,2,1,0
BRDA:82,3,0,8
BRDA:82,3,1,5
BRDA:92,4,0,32
BRDA:92,4,1,0
BRDA:101,5,0,0
BRDA:101,5,1,0
BRDA:101,6,0,0
BRDA:101,6,1,0
BRDA:110,7,0,0
BRDA:110,7,1,0
BRDA:124,8,0,0
BRDA:124,8,1,0
BRDA:124,9,0,0
BRDA:124,9,1,0
BRDA:124,9,2,0
BRDA:124,9,3,0
BRDA:124,9,4,0
BRF:23
BRH:5
end_of_record
TN:
SF:src/core/detection/utils/user-feedback-integrator.ts
FN:35,(anonymous_0)
FN:45,(anonymous_1)
FN:57,(anonymous_2)
FN:149,(anonymous_3)
FN:167,(anonymous_4)
FN:205,(anonymous_5)
FN:216,(anonymous_6)
FN:235,(anonymous_7)
FN:254,(anonymous_8)
FN:270,(anonymous_9)
FN:279,(anonymous_10)
FN:290,(anonymous_11)
FN:301,(anonymous_12)
FNF:13
FNH:7
FNDA:5,(anonymous_0)
FNDA:8,(anonymous_1)
FNDA:8,(anonymous_2)
FNDA:0,(anonymous_3)
FNDA:0,(anonymous_4)
FNDA:0,(anonymous_5)
FNDA:0,(anonymous_6)
FNDA:8,(anonymous_7)
FNDA:8,(anonymous_8)
FNDA:0,(anonymous_9)
FNDA:8,(anonymous_10)
FNDA:8,(anonymous_11)
FNDA:0,(anonymous_12)
DA:27,5
DA:28,5
DA:32,5
DA:33,5
DA:36,5
DA:46,8
DA:47,8
DA:48,0
DA:57,8
DA:58,8
DA:61,8
DA:62,0
DA:71,8
DA:72,8
DA:73,0
DA:82,8
DA:85,8
DA:86,0
DA:95,8
DA:96,0
DA:106,8
DA:107,0
DA:116,8
DA:117,0
DA:127,8
DA:135,0
DA:136,0
DA:150,0
DA:151,0
DA:154,0
DA:160,0
DA:161,0
DA:162,0
DA:163,0
DA:167,0
DA:168,0
DA:171,0
DA:172,0
DA:173,0
DA:177,0
DA:178,0
DA:179,0
DA:180,0
DA:184,0
DA:187,0
DA:188,0
DA:196,0
DA:199,0
DA:200,0
DA:201,0
DA:204,0
DA:205,0
DA:207,0
DA:208,0
DA:211,0
DA:212,0
DA:215,0
DA:216,0
DA:218,0
DA:219,0
DA:223,0
DA:225,0
DA:226,0
DA:236,8
DA:238,8
DA:246,0
DA:257,8
DA:260,8
DA:263,8
DA:271,0
DA:281,8
DA:282,8
DA:291,8
DA:292,8
DA:304,0
LF:75
LH:27
BRDA:47,0,0,0
BRDA:47,0,1,8
BRDA:61,1,0,0
BRDA:61,1,1,8
BRDA:72,2,0,0
BRDA:72,2,1,8
BRDA:85,3,0,0
BRDA:85,3,1,8
BRDA:95,4,0,0
BRDA:95,4,1,8
BRDA:106,5,0,0
BRDA:106,5,1,8
BRDA:116,6,0,0
BRDA:116,6,1,8
BRDA:135,7,0,0
BRDA:135,7,1,0
BRDA:140,8,0,0
BRDA:140,8,1,0
BRDA:156,9,0,0
BRDA:156,9,1,0
BRDA:161,10,0,0
BRDA:161,10,1,0
BRDA:161,11,0,0
BRDA:161,11,1,0
BRDA:171,12,0,0
BRDA:171,12,1,0
BRDA:178,13,0,0
BRDA:178,13,1,0
BRDA:187,14,0,0
BRDA:187,14,1,0
BRDA:199,15,0,0
BRDA:199,15,1,0
BRDA:207,16,0,0
BRDA:207,16,1,0
BRDA:218,17,0,0
BRDA:218,17,1,0
BRDA:225,18,0,0
BRDA:225,18,1,0
BRDA:236,19,0,8
BRDA:236,19,1,0
BRDA:281,20,0,8
BRDA:281,20,1,2
BRDA:282,21,0,8
BRDA:282,21,1,0
BRDA:292,22,0,8
BRDA:292,22,1,0
BRF:46
BRH:12
end_of_record
TN:
SF:src/core/digest/delivery-tracker.ts
FN:23,(anonymous_0)
FN:35,(anonymous_1)
FN:73,(anonymous_2)
FN:112,(anonymous_3)
FN:134,(anonymous_4)
FN:168,(anonymous_5)
FN:189,(anonymous_6)
FN:218,(anonymous_7)
FN:243,(anonymous_8)
FN:253,(anonymous_9)
FN:254,(anonymous_10)
FN:287,(anonymous_11)
FN:300,(anonymous_12)
FN:306,(anonymous_13)
FN:311,(anonymous_14)
FN:321,(anonymous_15)
FN:322,(anonymous_16)
FN:325,(anonymous_17)
FNF:18
FNH:0
FNDA:0,(anonymous_0)
FNDA:0,(anonymous_1)
FNDA:0,(anonymous_2)
FNDA:0,(anonymous_3)
FNDA:0,(anonymous_4)
FNDA:0,(anonymous_5)
FNDA:0,(anonymous_6)
FNDA:0,(anonymous_7)
FNDA:0,(anonymous_8)
FNDA:0,(anonymous_9)
FNDA:0,(anonymous_10)
FNDA:0,(anonymous_11)
FNDA:0,(anonymous_12)
FNDA:0,(anonymous_13)
FNDA:0,(anonymous_14)
FNDA:0,(anonymous_15)
FNDA:0,(anonymous_16)
FNDA:0,(anonymous_17)
DA:24,0
DA:25,0
DA:41,0
DA:42,0
DA:45,0
DA:57,0
DA:59,0
DA:60,0
DA:62,0
DA:63,0
DA:78,0
DA:79,0
DA:82,0
DA:83,0
DA:84,0
DA:88,0
DA:91,0
DA:93,0
DA:94,0
DA:96,0
DA:97,0
DA:99,0
DA:100,0
DA:102,0
DA:103,0
DA:105,0
DA:106,0
DA:107,0
DA:111,0
DA:112,0
DA:113,0
DA:114,0
DA:120,0
DA:122,0
DA:123,0
DA:125,0
DA:126,0
DA:135,0
DA:136,0
DA:139,0
DA:140,0
DA:141,0
DA:145,0
DA:146,0
DA:150,0
DA:153,0
DA:155,0
DA:156,0
DA:158,0
DA:159,0
DA:169,0
DA:170,0
DA:173,0
DA:174,0
DA:175,0
DA:179,0
DA:180,0
DA:184,0
DA:185,0
DA:189,0
DA:190,0
DA:192,0
DA:193,0
DA:196,0
DA:204,0
DA:206,0
DA:207,0
DA:209,0
DA:210,0
DA:219,0
DA:220,0
DA:223,0
DA:224,0
DA:225,0
DA:229,0
DA:230,0
DA:232,0
DA:233,0
DA:248,0
DA:249,0
DA:252,0
DA:253,0
DA:256,0
DA:257,0
DA:259,0
DA:260,0
DA:261,0
DA:263,0
DA:267,0
DA:268,0
DA:269,0
DA:271,0
DA:272,0
DA:275,0
DA:276,0
DA:278,0
DA:279,0
DA:295,0
DA:297,0
DA:300,0
DA:301,0
DA:306,0
DA:307,0
DA:311,0
DA:312,0
DA:316,0
DA:317,0
DA:320,0
DA:321,0
DA:322,0
DA:324,0
DA:325,0
DA:328,0
DA:337,0
DA:338,0
LF:115
LH:0
BRDA:62,0,0,0
BRDA:62,0,1,0
BRDA:63,1,0,0
BRDA:63,1,1,0
BRDA:83,2,0,0
BRDA:83,2,1,0
BRDA:91,3,0,0
BRDA:91,3,1,0
BRDA:91,3,2,0
BRDA:91,3,3,0
BRDA:91,3,4,0
BRDA:105,4,0,0
BRDA:105,4,1,0
BRDA:111,5,0,0
BRDA:111,5,1,0
BRDA:113,6,0,0
BRDA:113,6,1,0
BRDA:113,7,0,0
BRDA:113,7,1,0
BRDA:125,8,0,0
BRDA:125,8,1,0
BRDA:126,9,0,0
BRDA:126,9,1,0
BRDA:140,10,0,0
BRDA:140,10,1,0
BRDA:145,11,0,0
BRDA:145,11,1,0
BRDA:158,12,0,0
BRDA:158,12,1,0
BRDA:159,13,0,0
BRDA:159,13,1,0
BRDA:174,14,0,0
BRDA:174,14,1,0
BRDA:179,15,0,0
BRDA:179,15,1,0
BRDA:184,16,0,0
BRDA:184,16,1,0
BRDA:190,17,0,0
BRDA:190,17,1,0
BRDA:209,18,0,0
BRDA:209,18,1,0
BRDA:210,19,0,0
BRDA:210,19,1,0
BRDA:224,20,0,0
BRDA:224,20,1,0
BRDA:232,21,0,0
BRDA:232,21,1,0
BRDA:233,22,0,0
BRDA:233,22,1,0
BRDA:256,23,0,0
BRDA:256,23,1,0
BRDA:256,23,2,0
BRDA:256,23,3,0
BRDA:257,24,0,0
BRDA:257,24,1,0
BRDA:257,24,2,0
BRDA:257,24,3,0
BRDA:259,25,0,0
BRDA:259,25,1,0
BRDA:259,26,0,0
BRDA:259,26,1,0
BRDA:260,27,0,0
BRDA:260,27,1,0
BRDA:261,28,0,0
BRDA:261,28,1,0
BRDA:268,29,0,0
BRDA:268,29,1,0
BRDA:268,30,0,0
BRDA:268,30,1,0
BRDA:271,31,0,0
BRDA:271,31,1,0
BRDA:271,32,0,0
BRDA:271,32,1,0
BRDA:278,33,0,0
BRDA:278,33,1,0
BRDA:279,34,0,0
BRDA:279,34,1,0
BRDA:301,35,0,0
BRDA:301,35,1,0
BRDA:301,35,2,0
BRDA:307,36,0,0
BRDA:307,36,1,0
BRDA:316,37,0,0
BRDA:316,37,1,0
BRDA:317,38,0,0
BRDA:317,38,1,0
BRDA:321,39,0,0
BRDA:321,39,1,0
BRDA:321,39,2,0
BRDA:321,39,3,0
BRDA:324,40,0,0
BRDA:324,40,1,0
BRDA:337,41,0,0
BRDA:337,41,1,0
BRDA:338,42,0,0
BRDA:338,42,1,0
BRF:96
BRH:0
end_of_record
TN:
SF:src/core/digest/digest-generator.ts
FN:25,(anonymous_0)
FN:42,(anonymous_1)
FN:73,(anonymous_2)
FN:106,(anonymous_3)
FN:178,(anonymous_4)
FN:195,(anonymous_5)
FN:199,(anonymous_6)
FN:207,(anonymous_7)
FN:208,(anonymous_8)
FN:216,(anonymous_9)
FN:253,(anonymous_10)
FN:262,(anonymous_11)
FN:334,(anonymous_12)
FN:348,(anonymous_13)
FN:365,(anonymous_14)
FN:369,(anonymous_15)
FN:388,(anonymous_16)
FN:411,(anonymous_17)
FN:433,(anonymous_18)
FN:452,(anonymous_19)
FN:453,(anonymous_20)
FN:476,(anonymous_21)
FN:494,(anonymous_22)
FN:506,(anonymous_23)
FN:528,(anonymous_24)
FNF:25
FNH:0
FNDA:0,(anonymous_0)
FNDA:0,(anonymous_1)
FNDA:0,(anonymous_2)
FNDA:0,(anonymous_3)
FNDA:0,(anonymous_4)
FNDA:0,(anonymous_5)
FNDA:0,(anonymous_6)
FNDA:0,(anonymous_7)
FNDA:0,(anonymous_8)
FNDA:0,(anonymous_9)
FNDA:0,(anonymous_10)
FNDA:0,(anonymous_11)
FNDA:0,(anonymous_12)
FNDA:0,(anonymous_13)
FNDA:0,(anonymous_14)
FNDA:0,(anonymous_15)
FNDA:0,(anonymous_16)
FNDA:0,(anonymous_17)
FNDA:0,(anonymous_18)
FNDA:0,(anonymous_19)
FNDA:0,(anonymous_20)
FNDA:0,(anonymous_21)
FNDA:0,(anonymous_22)
FNDA:0,(anonymous_23)
FNDA:0,(anonymous_24)
DA:30,0
DA:31,0
DA:32,0
DA:33,0
DA:34,0
DA:43,0
DA:44,0
DA:47,0
DA:48,0
DA:49,0
DA:53,0
DA:54,0
DA:55,0
DA:58,0
DA:61,0
DA:63,0
DA:64,0
DA:74,0
DA:75,0
DA:78,0
DA:79,0
DA:80,0
DA:84,0
DA:85,0
DA:86,0
DA:89,0
DA:92,0
DA:94,0
DA:95,0
DA:112,0
DA:113,0
DA:116,0
DA:117,0
DA:118,0
DA:122,0
DA:125,0
DA:127,0
DA:128,0
DA:131,0
DA:146,0
DA:149,0
DA:152,0
DA:165,0
DA:166,0
DA:168,0
DA:169,0
DA:183,0
DA:195,0
DA:196,0
DA:199,0
DA:208,0
DA:217,0
DA:219,0
DA:220,0
DA:222,0
DA:224,0
DA:227,0
DA:228,0
DA:232,0
DA:245,0
DA:247,0
DA:253,0
DA:267,0
DA:270,0
DA:273,0
DA:274,0
DA:276,0
DA:280,0
DA:281,0
DA:283,0
DA:285,0
DA:288,0
DA:289,0
DA:290,0
DA:293,0
DA:299,0
DA:300,0
DA:301,0
DA:303,0
DA:304,0
DA:313,0
DA:316,0
DA:322,0
DA:323,0
DA:332,0
DA:334,0
DA:335,0
DA:336,0
DA:337,0
DA:341,0
DA:349,0
DA:350,0
DA:351,0
DA:352,0
DA:354,0
DA:356,0
DA:357,0
DA:369,0
DA:373,0
DA:376,0
DA:377,0
DA:380,0
DA:391,0
DA:398,0
DA:399,0
DA:401,0
DA:414,0
DA:421,0
DA:422,0
DA:425,0
DA:434,0
DA:436,0
DA:438,0
DA:440,0
DA:442,0
DA:453,0
DA:455,0
DA:456,0
DA:459,0
DA:461,0
DA:463,0
DA:465,0
DA:467,0
DA:477,0
DA:479,0
DA:480,0
DA:481,0
DA:482,0
DA:483,0
DA:484,0
DA:486,0
DA:495,0
DA:510,0
DA:521,0
DA:529,0
DA:532,0
DA:565,0
LF:137
LH:0
BRDA:48,0,0,0
BRDA:48,0,1,0
BRDA:53,1,0,0
BRDA:53,1,1,0
BRDA:58,2,0,0
BRDA:58,2,1,0
BRDA:63,3,0,0
BRDA:63,3,1,0
BRDA:64,4,0,0
BRDA:64,4,1,0
BRDA:79,5,0,0
BRDA:79,5,1,0
BRDA:84,6,0,0
BRDA:84,6,1,0
BRDA:89,7,0,0
BRDA:89,7,1,0
BRDA:94,8,0,0
BRDA:94,8,1,0
BRDA:95,9,0,0
BRDA:95,9,1,0
BRDA:110,10,0,0
BRDA:117,11,0,0
BRDA:117,11,1,0
BRDA:125,12,0,0
BRDA:125,12,1,0
BRDA:127,13,0,0
BRDA:127,13,1,0
BRDA:149,14,0,0
BRDA:149,14,1,0
BRDA:168,15,0,0
BRDA:168,15,1,0
BRDA:169,16,0,0
BRDA:169,16,1,0
BRDA:196,17,0,0
BRDA:196,17,1,0
BRDA:224,18,0,0
BRDA:224,18,1,0
BRDA:247,19,0,0
BRDA:247,19,1,0
BRDA:283,20,0,0
BRDA:283,20,1,0
BRDA:288,21,0,0
BRDA:288,21,1,0
BRDA:293,22,0,0
BRDA:293,22,1,0
BRDA:303,23,0,0
BRDA:303,23,1,0
BRDA:316,24,0,0
BRDA:316,24,1,0
BRDA:322,25,0,0
BRDA:322,25,1,0
BRDA:322,26,0,0
BRDA:322,26,1,0
BRDA:332,27,0,0
BRDA:332,27,1,0
BRDA:335,28,0,0
BRDA:335,28,1,0
BRDA:335,29,0,0
BRDA:335,29,1,0
BRDA:336,30,0,0
BRDA:336,30,1,0
BRDA:336,31,0,0
BRDA:336,31,1,0
BRDA:351,32,0,0
BRDA:351,32,1,0
BRDA:356,33,0,0
BRDA:356,33,1,0
BRDA:398,34,0,0
BRDA:398,34,1,0
BRDA:401,35,0,0
BRDA:401,35,1,0
BRDA:421,36,0,0
BRDA:421,36,1,0
BRDA:436,37,0,0
BRDA:436,37,1,0
BRDA:436,37,2,0
BRDA:455,38,0,0
BRDA:455,38,1,0
BRDA:461,39,0,0
BRDA:461,39,1,0
BRDA:461,39,2,0
BRDA:479,40,0,0
BRDA:479,40,1,0
BRDA:481,41,0,0
BRDA:481,41,1,0
BRDA:483,42,0,0
BRDA:483,42,1,0
BRDA:521,43,0,0
BRDA:521,43,1,0
BRF:89
BRH:0
end_of_record
TN:
SF:src/core/digest/digest-service.ts
FN:30,(anonymous_0)
FN:49,(anonymous_1)
FN:74,(anonymous_2)
FN:151,(anonymous_3)
FN:165,(anonymous_4)
FN:184,(anonymous_5)
FN:204,(anonymous_6)
FN:213,(anonymous_7)
FN:216,(anonymous_8)
FN:233,(anonymous_9)
FN:261,(anonymous_10)
FN:267,(anonymous_11)
FN:272,(anonymous_12)
FN:276,(anonymous_13)
FN:288,(anonymous_14)
FN:332,(anonymous_15)
FN:373,(anonymous_16)
FNF:17
FNH:0
FNDA:0,(anonymous_0)
FNDA:0,(anonymous_1)
FNDA:0,(anonymous_2)
FNDA:0,(anonymous_3)
FNDA:0,(anonymous_4)
FNDA:0,(anonymous_5)
FNDA:0,(anonymous_6)
FNDA:0,(anonymous_7)
FNDA:0,(anonymous_8)
FNDA:0,(anonymous_9)
FNDA:0,(anonymous_10)
FNDA:0,(anonymous_11)
FNDA:0,(anonymous_12)
FNDA:0,(anonymous_13)
FNDA:0,(anonymous_14)
FNDA:0,(anonymous_15)
FNDA:0,(anonymous_16)
DA:37,0
DA:38,0
DA:39,0
DA:40,0
DA:41,0
DA:42,0
DA:59,0
DA:60,0
DA:63,0
DA:65,0
DA:66,0
DA:75,0
DA:76,0
DA:132,0
DA:139,0
DA:151,0
DA:166,0
DA:167,0
DA:170,0
DA:172,0
DA:173,0
DA:175,0
DA:176,0
DA:185,0
DA:186,0
DA:189,0
DA:191,0
DA:192,0
DA:194,0
DA:195,0
DA:205,0
DA:206,0
DA:211,0
DA:212,0
DA:214,0
DA:217,0
DA:220,0
DA:222,0
DA:223,0
DA:234,0
DA:235,0
DA:238,0
DA:247,0
DA:248,0
DA:251,0
DA:253,0
DA:254,0
DA:262,0
DA:263,0
DA:266,0
DA:268,0
DA:271,0
DA:273,0
DA:277,0
DA:280,0
DA:281,0
DA:289,0
DA:290,0
DA:294,0
DA:296,0
DA:297,0
DA:299,0
DA:301,0
DA:302,0
DA:303,0
DA:307,0
DA:313,0
DA:315,0
DA:320,0
DA:322,0
DA:323,0
DA:333,0
DA:334,0
DA:337,0
DA:339,0
DA:340,0
DA:344,0
DA:348,0
DA:349,0
DA:350,0
DA:354,0
DA:357,0
DA:360,0
DA:362,0
DA:364,0
DA:365,0
DA:374,0
LF:87
LH:0
BRDA:65,0,0,0
BRDA:65,0,1,0
BRDA:66,1,0,0
BRDA:66,1,1,0
BRDA:132,2,0,0
BRDA:132,2,1,0
BRDA:141,3,0,0
BRDA:141,3,1,0
BRDA:142,4,0,0
BRDA:142,4,1,0
BRDA:144,5,0,0
BRDA:144,5,1,0
BRDA:145,6,0,0
BRDA:145,6,1,0
BRDA:155,7,0,0
BRDA:155,7,1,0
BRDA:175,8,0,0
BRDA:175,8,1,0
BRDA:176,9,0,0
BRDA:176,9,1,0
BRDA:194,10,0,0
BRDA:194,10,1,0
BRDA:195,11,0,0
BRDA:195,11,1,0
BRDA:217,12,0,0
BRDA:217,12,1,0
BRDA:222,13,0,0
BRDA:222,13,1,0
BRDA:223,14,0,0
BRDA:223,14,1,0
BRDA:247,15,0,0
BRDA:247,15,1,0
BRDA:253,16,0,0
BRDA:253,16,1,0
BRDA:254,17,0,0
BRDA:254,17,1,0
BRDA:273,18,0,0
BRDA:273,18,1,0
BRDA:277,19,0,0
BRDA:277,19,1,0
BRDA:280,20,0,0
BRDA:280,20,1,0
BRDA:281,21,0,0
BRDA:281,21,1,0
BRDA:301,22,0,0
BRDA:301,22,1,0
BRDA:315,23,0,0
BRDA:315,23,1,0
BRDA:322,24,0,0
BRDA:322,24,1,0
BRDA:332,25,0,0
BRDA:334,26,0,0
BRDA:334,26,1,0
BRDA:339,27,0,0
BRDA:339,27,1,0
BRDA:344,28,0,0
BRDA:344,28,1,0
BRDA:348,29,0,0
BRDA:348,29,1,0
BRDA:354,30,0,0
BRDA:354,30,1,0
BRDA:362,31,0,0
BRDA:362,31,1,0
BRDA:364,32,0,0
BRDA:364,32,1,0
BRDA:365,33,0,0
BRDA:365,33,1,0
BRF:67
BRH:0
end_of_record
TN:
SF:src/core/digest/email-delivery-scheduler.ts
FN:43,(anonymous_0)
FN:59,(anonymous_1)
FN:117,(anonymous_2)
FN:119,(anonymous_3)
FN:151,(anonymous_4)
FN:179,(anonymous_5)
FN:181,(anonymous_6)
FN:202,(anonymous_7)
FN:232,(anonymous_8)
FN:243,(anonymous_9)
FN:244,(anonymous_10)
FN:263,(anonymous_11)
FN:292,(anonymous_12)
FN:323,(anonymous_13)
FN:369,(anonymous_14)
FN:397,(anonymous_15)
FN:478,(anonymous_16)
FNF:17
FNH:0
FNDA:0,(anonymous_0)
FNDA:0,(anonymous_1)
FNDA:0,(anonymous_2)
FNDA:0,(anonymous_3)
FNDA:0,(anonymous_4)
FNDA:0,(anonymous_5)
FNDA:0,(anonymous_6)
FNDA:0,(anonymous_7)
FNDA:0,(anonymous_8)
FNDA:0,(anonymous_9)
FNDA:0,(anonymous_10)
FNDA:0,(anonymous_11)
FNDA:0,(anonymous_12)
FNDA:0,(anonymous_13)
FNDA:0,(anonymous_14)
FNDA:0,(anonymous_15)
FNDA:0,(anonymous_16)
DA:41,0
DA:47,0
DA:48,0
DA:49,0
DA:50,0
DA:67,0
DA:68,0
DA:71,0
DA:72,0
DA:73,0
DA:76,0
DA:77,0
DA:80,0
DA:82,0
DA:85,0
DA:94,0
DA:104,0
DA:106,0
DA:113,0
DA:115,0
DA:118,0
DA:120,0
DA:128,0
DA:131,0
DA:132,0
DA:137,0
DA:139,0
DA:140,0
DA:142,0
DA:143,0
DA:152,0
DA:153,0
DA:155,0
DA:158,0
DA:159,0
DA:162,0
DA:166,0
DA:176,0
DA:178,0
DA:179,0
DA:180,0
DA:182,0
DA:188,0
DA:190,0
DA:191,0
DA:193,0
DA:194,0
DA:203,0
DA:204,0
DA:206,0
DA:207,0
DA:208,0
DA:209,0
DA:213,0
DA:214,0
DA:218,0
DA:220,0
DA:221,0
DA:223,0
DA:224,0
DA:239,0
DA:240,0
DA:242,0
DA:243,0
DA:244,0
DA:252,0
DA:253,0
DA:255,0
DA:256,0
DA:264,0
DA:265,0
DA:267,0
DA:268,0
DA:269,0
DA:272,0
DA:275,0
DA:276,0
DA:277,0
DA:278,0
DA:282,0
DA:284,0
DA:285,0
DA:293,0
DA:294,0
DA:296,0
DA:297,0
DA:298,0
DA:301,0
DA:304,0
DA:305,0
DA:306,0
DA:307,0
DA:311,0
DA:313,0
DA:314,0
DA:324,0
DA:325,0
DA:328,0
DA:329,0
DA:330,0
DA:335,0
DA:337,0
DA:338,0
DA:340,0
DA:341,0
DA:343,0
DA:347,0
DA:348,0
DA:351,0
DA:357,0
DA:359,0
DA:360,0
DA:370,0
DA:371,0
DA:374,0
DA:381,0
DA:383,0
DA:385,0
DA:386,0
DA:404,0
DA:405,0
DA:406,0
DA:409,0
DA:412,0
DA:415,0
DA:416,0
DA:420,0
DA:423,0
DA:427,0
DA:430,0
DA:431,0
DA:432,0
DA:435,0
DA:436,0
DA:440,0
DA:443,0
DA:444,0
DA:445,0
DA:448,0
DA:451,0
DA:452,0
DA:456,0
DA:459,0
DA:460,0
DA:464,0
DA:465,0
DA:468,0
DA:485,0
DA:486,0
DA:487,0
DA:490,0
DA:493,0
DA:498,0
DA:499,0
DA:504,0
DA:505,0
DA:510,0
DA:511,0
DA:514,0
LF:159
LH:0
BRDA:72,0,0,0
BRDA:72,0,1,0
BRDA:77,1,0,0
BRDA:77,1,1,0
BRDA:80,2,0,0
BRDA:80,2,1,0
BRDA:104,3,0,0
BRDA:104,3,1,0
BRDA:120,4,0,0
BRDA:120,4,1,0
BRDA:131,5,0,0
BRDA:131,5,1,0
BRDA:142,6,0,0
BRDA:142,6,1,0
BRDA:143,7,0,0
BRDA:143,7,1,0
BRDA:158,8,0,0
BRDA:158,8,1,0
BRDA:178,9,0,0
BRDA:178,9,1,0
BRDA:182,10,0,0
BRDA:182,10,1,0
BRDA:193,11,0,0
BRDA:193,11,1,0
BRDA:194,12,0,0
BRDA:194,12,1,0
BRDA:207,13,0,0
BRDA:207,13,1,0
BRDA:213,14,0,0
BRDA:213,14,1,0
BRDA:223,15,0,0
BRDA:223,15,1,0
BRDA:243,16,0,0
BRDA:243,16,1,0
BRDA:255,17,0,0
BRDA:255,17,1,0
BRDA:256,18,0,0
BRDA:256,18,1,0
BRDA:267,19,0,0
BRDA:267,19,1,0
BRDA:276,20,0,0
BRDA:276,20,1,0
BRDA:284,21,0,0
BRDA:284,21,1,0
BRDA:285,22,0,0
BRDA:285,22,1,0
BRDA:296,23,0,0
BRDA:296,23,1,0
BRDA:305,24,0,0
BRDA:305,24,1,0
BRDA:313,25,0,0
BRDA:313,25,1,0
BRDA:314,26,0,0
BRDA:314,26,1,0
BRDA:329,27,0,0
BRDA:329,27,1,0
BRDA:335,28,0,0
BRDA:335,28,1,0
BRDA:335,28,2,0
BRDA:359,29,0,0
BRDA:359,29,1,0
BRDA:377,30,0,0
BRDA:377,30,1,0
BRDA:377,30,2,0
BRDA:385,31,0,0
BRDA:385,31,1,0
BRDA:401,32,0,0
BRDA:405,33,0,0
BRDA:405,33,1,0
BRDA:415,34,0,0
BRDA:415,34,1,0
BRDA:420,35,0,0
BRDA:420,35,1,0
BRDA:420,35,2,0
BRDA:420,35,3,0
BRDA:427,36,0,0
BRDA:427,36,1,0
BRDA:431,37,0,0
BRDA:431,37,1,0
BRDA:440,38,0,0
BRDA:440,38,1,0
BRDA:444,39,0,0
BRDA:444,39,1,0
BRDA:456,40,0,0
BRDA:456,40,1,0
BRDA:459,41,0,0
BRDA:459,41,1,0
BRDA:459,42,0,0
BRDA:459,42,1,0
BRDA:459,42,2,0
BRDA:482,43,0,0
BRDA:486,44,0,0
BRDA:486,44,1,0
BRDA:490,45,0,0
BRDA:490,45,1,0
BRDA:490,45,2,0
BRDA:490,45,3,0
BRDA:490,45,4,0
BRDA:498,46,0,0
BRDA:498,46,1,0
BRDA:504,47,0,0
BRDA:504,47,1,0
BRDA:510,48,0,0
BRDA:510,48,1,0
BRF:104
BRH:0
end_of_record
TN:
SF:src/core/digest/email-sender.ts
FN:41,(anonymous_0)
FN:55,(anonymous_1)
FN:66,(anonymous_2)
FN:67,(anonymous_3)
FN:74,(anonymous_4)
FN:84,(anonymous_5)
FN:141,(anonymous_6)
FN:199,(anonymous_7)
FN:214,(anonymous_8)
FN:231,(anonymous_9)
FN:236,(anonymous_10)
FN:247,(anonymous_11)
FNF:12
FNH:0
FNDA:0,(anonymous_0)
FNDA:0,(anonymous_1)
FNDA:0,(anonymous_2)
FNDA:0,(anonymous_3)
FNDA:0,(anonymous_4)
FNDA:0,(anonymous_5)
FNDA:0,(anonymous_6)
FNDA:0,(anonymous_7)
FNDA:0,(anonymous_8)
FNDA:0,(anonymous_9)
FNDA:0,(anonymous_10)
FNDA:0,(anonymous_11)
DA:46,0
DA:47,0
DA:48,0
DA:51,0
DA:53,0
DA:54,0
DA:56,0
DA:57,0
DA:66,0
DA:67,0
DA:71,0
DA:74,0
DA:75,0
DA:89,0
DA:90,0
DA:93,0
DA:104,0
DA:105,0
DA:106,0
DA:107,0
DA:111,0
DA:112,0
DA:113,0
DA:117,0
DA:119,0
DA:121,0
DA:126,0
DA:128,0
DA:146,0
DA:147,0
DA:150,0
DA:153,0
DA:164,0
DA:165,0
DA:174,0
DA:177,0
DA:178,0
DA:185,0
DA:187,0
DA:189,0
DA:200,0
DA:201,0
DA:202,0
DA:204,0
DA:205,0
DA:216,0
DA:219,0
DA:220,0
DA:223,0
DA:233,0
DA:236,0
DA:237,0
DA:238,0
DA:239,0
DA:252,0
DA:255,0
DA:263,0
DA:265,0
LF:58
LH:0
BRDA:51,0,0,0
BRDA:51,0,1,0
BRDA:75,1,0,0
BRDA:75,1,1,0
BRDA:94,2,0,0
BRDA:94,2,1,0
BRDA:97,3,0,0
BRDA:97,3,1,0
BRDA:98,4,0,0
BRDA:98,4,1,0
BRDA:104,5,0,0
BRDA:104,5,1,0
BRDA:104,6,0,0
BRDA:104,6,1,0
BRDA:106,7,0,0
BRDA:106,7,1,0
BRDA:111,8,0,0
BRDA:111,8,1,0
BRDA:111,9,0,0
BRDA:111,9,1,0
BRDA:111,9,2,0
BRDA:112,10,0,0
BRDA:112,10,1,0
BRDA:126,11,0,0
BRDA:126,11,1,0
BRDA:130,12,0,0
BRDA:130,12,1,0
BRDA:164,13,0,0
BRDA:164,13,1,0
BRDA:177,14,0,0
BRDA:177,14,1,0
BRDA:177,15,0,0
BRDA:177,15,1,0
BRDA:187,16,0,0
BRDA:187,16,1,0
BRDA:191,17,0,0
BRDA:191,17,1,0
BRDA:204,18,0,0
BRDA:204,18,1,0
BRDA:219,19,0,0
BRDA:219,19,1,0
BRF:41
BRH:0
end_of_record
TN:
SF:src/core/digest/email-template-renderer.ts
FN:29,(anonymous_0)
FN:42,(anonymous_1)
FN:53,(anonymous_2)
FN:101,(anonymous_3)
FN:129,(anonymous_4)
FN:159,(anonymous_5)
FN:188,(anonymous_6)
FN:233,(anonymous_7)
FN:249,(anonymous_8)
FN:265,(anonymous_9)
FN:284,(anonymous_10)
FN:339,(anonymous_11)
FN:351,(anonymous_12)
FN:354,(anonymous_13)
FN:362,(anonymous_14)
FN:379,(anonymous_15)
FN:391,(anonymous_16)
FN:451,(anonymous_17)
FN:512,(anonymous_18)
FN:565,(anonymous_19)
FNF:20
FNH:0
FNDA:0,(anonymous_0)
FNDA:0,(anonymous_1)
FNDA:0,(anonymous_2)
FNDA:0,(anonymous_3)
FNDA:0,(anonymous_4)
FNDA:0,(anonymous_5)
FNDA:0,(anonymous_6)
FNDA:0,(anonymous_7)
FNDA:0,(anonymous_8)
FNDA:0,(anonymous_9)
FNDA:0,(anonymous_10)
FNDA:0,(anonymous_11)
FNDA:0,(anonymous_12)
FNDA:0,(anonymous_13)
FNDA:0,(anonymous_14)
FNDA:0,(anonymous_15)
FNDA:0,(anonymous_16)
FNDA:0,(anonymous_17)
FNDA:0,(anonymous_18)
FNDA:0,(anonymous_19)
DA:30,0
DA:31,0
DA:32,0
DA:43,0
DA:44,0
DA:47,0
DA:54,0
DA:56,0
DA:57,0
DA:59,0
DA:60,0
DA:64,0
DA:65,0
DA:66,0
DA:67,0
DA:70,0
DA:71,0
DA:72,0
DA:73,0
DA:74,0
DA:77,0
DA:91,0
DA:93,0
DA:94,0
DA:102,0
DA:104,0
DA:105,0
DA:108,0
DA:109,0
DA:112,0
DA:113,0
DA:116,0
DA:117,0
DA:119,0
DA:120,0
DA:130,0
DA:132,0
DA:133,0
DA:136,0
DA:147,0
DA:149,0
DA:150,0
DA:160,0
DA:161,0
DA:164,0
DA:167,0
DA:168,0
DA:169,0
DA:173,0
DA:176,0
DA:178,0
DA:179,0
DA:189,0
DA:190,0
DA:193,0
DA:196,0
DA:197,0
DA:198,0
DA:202,0
DA:203,0
DA:204,0
DA:205,0
DA:209,0
DA:211,0
DA:212,0
DA:213,0
DA:217,0
DA:219,0
DA:220,0
DA:223,0
DA:225,0
DA:226,0
DA:234,0
DA:236,0
DA:238,0
DA:240,0
DA:241,0
DA:250,0
DA:252,0
DA:254,0
DA:256,0
DA:257,0
DA:266,0
DA:285,0
DA:286,0
DA:288,0
DA:289,0
DA:299,0
DA:300,0
DA:301,0
DA:318,0
DA:328,0
DA:330,0
DA:331,0
DA:340,0
DA:352,0
DA:354,0
DA:363,0
DA:364,0
DA:365,0
DA:366,0
DA:367,0
DA:368,0
DA:369,0
DA:370,0
DA:372,0
DA:380,0
DA:381,0
DA:382,0
DA:383,0
DA:385,0
DA:392,0
DA:452,0
DA:513,0
DA:566,0
LF:115
LH:0
BRDA:31,0,0,0
BRDA:31,0,1,0
BRDA:43,1,0,0
BRDA:43,1,1,0
BRDA:65,2,0,0
BRDA:65,2,1,0
BRDA:71,3,0,0
BRDA:71,3,1,0
BRDA:93,4,0,0
BRDA:93,4,1,0
BRDA:119,5,0,0
BRDA:119,5,1,0
BRDA:149,6,0,0
BRDA:149,6,1,0
BRDA:168,7,0,0
BRDA:168,7,1,0
BRDA:178,8,0,0
BRDA:178,8,1,0
BRDA:179,9,0,0
BRDA:179,9,1,0
BRDA:197,10,0,0
BRDA:197,10,1,0
BRDA:209,11,0,0
BRDA:209,11,1,0
BRDA:219,12,0,0
BRDA:219,12,1,0
BRDA:219,13,0,0
BRDA:219,13,1,0
BRDA:225,14,0,0
BRDA:225,14,1,0
BRDA:226,15,0,0
BRDA:226,15,1,0
BRDA:240,16,0,0
BRDA:240,16,1,0
BRDA:241,17,0,0
BRDA:241,17,1,0
BRDA:254,18,0,0
BRDA:254,18,1,0
BRDA:256,19,0,0
BRDA:256,19,1,0
BRDA:257,20,0,0
BRDA:257,20,1,0
BRDA:293,21,0,0
BRDA:293,21,1,0
BRDA:299,22,0,0
BRDA:299,22,1,0
BRDA:299,23,0,0
BRDA:299,23,1,0
BRDA:307,24,0,0
BRDA:307,24,1,0
BRDA:309,25,0,0
BRDA:309,25,1,0
BRDA:330,26,0,0
BRDA:330,26,1,0
BRDA:363,27,0,0
BRDA:363,27,1,0
BRDA:365,28,0,0
BRDA:365,28,1,0
BRDA:367,29,0,0
BRDA:367,29,1,0
BRDA:369,30,0,0
BRDA:369,30,1,0
BRDA:380,31,0,0
BRDA:380,31,1,0
BRDA:382,32,0,0
BRDA:382,32,1,0
BRF:66
BRH:0
end_of_record
TN:
SF:src/core/digest/index.ts
FN:36,createDigestService
FNF:1
FNH:0
FNDA:0,createDigestService
DA:50,0
DA:52,0
DA:58,0
DA:60,0
DA:63,0
DA:73,0
DA:80,0
DA:89,0
DA:95,0
DA:98,0
DA:99,0
DA:103,0
LF:12
LH:0
BRDA:74,0,0,0
BRDA:74,0,1,0
BRDA:98,1,0,0
BRDA:98,1,1,0
BRF:4
BRH:0
end_of_record
TN:
SF:src/core/digest/interfaces.ts
FNF:0
FNH:0
LF:0
LH:0
BRF:0
BRH:0
end_of_record
TN:
SF:src/core/digest/user-preference-manager.ts
FN:24,(anonymous_0)
FN:36,(anonymous_1)
FN:61,(anonymous_2)
FN:99,(anonymous_3)
FN:138,(anonymous_4)
FN:152,(anonymous_5)
FN:172,(anonymous_6)
FN:211,(anonymous_7)
FN:225,(anonymous_8)
FN:244,(anonymous_9)
FN:264,(anonymous_10)
FNF:11
FNH:0
FNDA:0,(anonymous_0)
FNDA:0,(anonymous_1)
FNDA:0,(anonymous_2)
FNDA:0,(anonymous_3)
FNDA:0,(anonymous_4)
FNDA:0,(anonymous_5)
FNDA:0,(anonymous_6)
FNDA:0,(anonymous_7)
FNDA:0,(anonymous_8)
FNDA:0,(anonymous_9)
FNDA:0,(anonymous_10)
DA:25,0
DA:26,0
DA:29,0
DA:37,0
DA:38,0
DA:41,0
DA:43,0
DA:44,0
DA:45,0
DA:48,0
DA:49,0
DA:51,0
DA:52,0
DA:65,0
DA:66,0
DA:69,0
DA:71,0
DA:73,0
DA:77,0
DA:84,0
DA:86,0
DA:87,0
DA:89,0
DA:90,0
DA:100,0
DA:101,0
DA:104,0
DA:106,0
DA:108,0
DA:112,0
DA:113,0
DA:117,0
DA:118,0
DA:119,0
DA:122,0
DA:125,0
DA:126,0
DA:128,0
DA:129,0
DA:139,0
DA:140,0
DA:143,0
DA:145,0
DA:147,0
DA:151,0
DA:152,0
DA:153,0
DA:156,0
DA:159,0
DA:160,0
DA:162,0
DA:163,0
DA:173,0
DA:174,0
DA:177,0
DA:179,0
DA:181,0
DA:185,0
DA:186,0
DA:190,0
DA:191,0
DA:192,0
DA:195,0
DA:198,0
DA:199,0
DA:201,0
DA:202,0
DA:212,0
DA:213,0
DA:216,0
DA:218,0
DA:220,0
DA:224,0
DA:225,0
DA:226,0
DA:229,0
DA:232,0
DA:233,0
DA:235,0
DA:236,0
DA:245,0
DA:247,0
DA:266,0
DA:268,0
DA:282,0
DA:285,0
DA:287,0
DA:301,0
LF:88
LH:0
BRDA:43,0,0,0
BRDA:43,0,1,0
BRDA:51,1,0,0
BRDA:51,1,1,0
BRDA:52,2,0,0
BRDA:52,2,1,0
BRDA:71,3,0,0
BRDA:71,3,1,0
BRDA:89,4,0,0
BRDA:89,4,1,0
BRDA:90,5,0,0
BRDA:90,5,1,0
BRDA:106,6,0,0
BRDA:106,6,1,0
BRDA:112,7,0,0
BRDA:112,7,1,0
BRDA:117,8,0,0
BRDA:117,8,1,0
BRDA:128,9,0,0
BRDA:128,9,1,0
BRDA:129,10,0,0
BRDA:129,10,1,0
BRDA:145,11,0,0
BRDA:145,11,1,0
BRDA:151,12,0,0
BRDA:151,12,1,0
BRDA:162,13,0,0
BRDA:162,13,1,0
BRDA:163,14,0,0
BRDA:163,14,1,0
BRDA:179,15,0,0
BRDA:179,15,1,0
BRDA:185,16,0,0
BRDA:185,16,1,0
BRDA:190,17,0,0
BRDA:190,17,1,0
BRDA:201,18,0,0
BRDA:201,18,1,0
BRDA:202,19,0,0
BRDA:202,19,1,0
BRDA:218,20,0,0
BRDA:218,20,1,0
BRDA:224,21,0,0
BRDA:224,21,1,0
BRDA:235,22,0,0
BRDA:235,22,1,0
BRDA:236,23,0,0
BRDA:236,23,1,0
BRF:48
BRH:0
end_of_record
TN:
SF:src/core/feedback/detection-improver.ts
FN:44,(anonymous_0)
FN:54,(anonymous_1)
FN:98,(anonymous_2)
FN:135,(anonymous_3)
FN:171,(anonymous_4)
FN:204,(anonymous_5)
FN:282,(anonymous_6)
FN:309,(anonymous_7)
FN:343,(anonymous_8)
FN:351,(anonymous_9)
FN:366,(anonymous_10)
FNF:11
FNH:0
FNDA:0,(anonymous_0)
FNDA:0,(anonymous_1)
FNDA:0,(anonymous_2)
FNDA:0,(anonymous_3)
FNDA:0,(anonymous_4)
FNDA:0,(anonymous_5)
FNDA:0,(anonymous_6)
FNDA:0,(anonymous_7)
FNDA:0,(anonymous_8)
FNDA:0,(anonymous_9)
FNDA:0,(anonymous_10)
DA:32,0
DA:41,0
DA:42,0
DA:45,0
DA:46,0
DA:47,0
DA:55,0
DA:56,0
DA:59,0
DA:60,0
DA:61,0
DA:65,0
DA:68,0
DA:71,0
DA:74,0
DA:75,0
DA:79,0
DA:80,0
DA:84,0
DA:86,0
DA:88,0
DA:89,0
DA:102,0
DA:103,0
DA:106,0
DA:107,0
DA:111,0
DA:114,0
DA:117,0
DA:120,0
DA:122,0
DA:123,0
DA:125,0
DA:126,0
DA:139,0
DA:140,0
DA:143,0
DA:144,0
DA:148,0
DA:151,0
DA:154,0
DA:157,0
DA:159,0
DA:160,0
DA:162,0
DA:163,0
DA:172,0
DA:173,0
DA:176,0
DA:179,0
DA:180,0
DA:181,0
DA:185,0
DA:187,0
DA:188,0
DA:190,0
DA:193,0
DA:195,0
DA:196,0
DA:205,0
DA:206,0
DA:209,0
DA:210,0
DA:212,0
DA:214,0
DA:216,0
DA:219,0
DA:222,0
DA:223,0
DA:227,0
DA:229,0
DA:234,0
DA:237,0
DA:240,0
DA:241,0
DA:242,0
DA:243,0
DA:247,0
DA:249,0
DA:250,0
DA:251,0
DA:253,0
DA:254,0
DA:258,0
DA:260,0
DA:264,0
DA:265,0
DA:267,0
DA:270,0
DA:272,0
DA:273,0
DA:286,0
DA:287,0
DA:298,0
DA:300,0
DA:301,0
DA:311,0
DA:314,0
DA:316,0
DA:317,0
DA:321,0
DA:322,0
DA:326,0
DA:327,0
DA:331,0
DA:332,0
DA:336,0
DA:344,0
DA:353,0
DA:356,0
DA:359,0
DA:368,0
DA:369,0
DA:372,0
DA:373,0
DA:376,0
DA:378,0
DA:381,0
DA:382,0
DA:384,0
DA:388,0
LF:121
LH:0
BRDA:59,0,0,0
BRDA:59,0,1,0
BRDA:74,1,0,0
BRDA:74,1,1,0
BRDA:79,2,0,0
BRDA:79,2,1,0
BRDA:88,3,0,0
BRDA:88,3,1,0
BRDA:89,4,0,0
BRDA:89,4,1,0
BRDA:106,5,0,0
BRDA:106,5,1,0
BRDA:106,6,0,0
BRDA:106,6,1,0
BRDA:125,7,0,0
BRDA:125,7,1,0
BRDA:126,8,0,0
BRDA:126,8,1,0
BRDA:143,9,0,0
BRDA:143,9,1,0
BRDA:143,10,0,0
BRDA:143,10,1,0
BRDA:162,11,0,0
BRDA:162,11,1,0
BRDA:163,12,0,0
BRDA:163,12,1,0
BRDA:179,13,0,0
BRDA:179,13,1,0
BRDA:187,14,0,0
BRDA:187,14,1,0
BRDA:195,15,0,0
BRDA:195,15,1,0
BRDA:196,16,0,0
BRDA:196,16,1,0
BRDA:209,17,0,0
BRDA:209,17,1,0
BRDA:209,18,0,0
BRDA:209,18,1,0
BRDA:216,19,0,0
BRDA:216,19,1,0
BRDA:223,20,0,0
BRDA:223,20,1,0
BRDA:224,21,0,0
BRDA:224,21,1,0
BRDA:234,22,0,0
BRDA:234,22,1,0
BRDA:240,23,0,0
BRDA:240,23,1,0
BRDA:247,24,0,0
BRDA:247,24,1,0
BRDA:251,25,0,0
BRDA:251,25,1,0
BRDA:264,26,0,0
BRDA:264,26,1,0
BRDA:264,27,0,0
BRDA:264,27,1,0
BRDA:272,28,0,0
BRDA:272,28,1,0
BRDA:273,29,0,0
BRDA:273,29,1,0
BRDA:300,30,0,0
BRDA:300,30,1,0
BRDA:301,31,0,0
BRDA:301,31,1,0
BRDA:314,32,0,0
BRDA:314,32,1,0
BRDA:314,33,0,0
BRDA:314,33,1,0
BRDA:316,34,0,0
BRDA:316,34,1,0
BRDA:316,35,0,0
BRDA:316,35,1,0
BRDA:316,35,2,0
BRDA:321,36,0,0
BRDA:321,36,1,0
BRDA:321,37,0,0
BRDA:321,37,1,0
BRDA:321,37,2,0
BRDA:326,38,0,0
BRDA:326,38,1,0
BRDA:326,39,0,0
BRDA:326,39,1,0
BRDA:326,39,2,0
BRDA:331,40,0,0
BRDA:331,40,1,0
BRDA:331,41,0,0
BRDA:331,41,1,0
BRDA:331,41,2,0
BRDA:353,42,0,0
BRDA:353,42,1,0
BRDA:353,43,0,0
BRDA:353,43,1,0
BRDA:353,43,2,0
BRDA:353,43,3,0
BRDA:353,43,4,0
BRDA:368,44,0,0
BRDA:368,44,1,0
BRDA:368,45,0,0
BRDA:368,45,1,0
BRDA:381,46,0,0
BRDA:381,46,1,0
BRF:101
BRH:0
end_of_record
TN:
SF:src/core/feedback/feedback-analyzer.ts
FN:22,(anonymous_0)
FN:32,(anonymous_1)
FN:45,(anonymous_2)
FN:46,(anonymous_3)
FN:47,(anonymous_4)
FN:48,(anonymous_5)
FN:49,(anonymous_6)
FN:52,(anonymous_7)
FN:53,(anonymous_8)
FN:54,(anonymous_9)
FN:55,(anonymous_10)
FN:91,(anonymous_11)
FN:92,(anonymous_12)
FN:99,(anonymous_13)
FN:101,(anonymous_14)
FN:124,(anonymous_15)
FN:125,(anonymous_16)
FN:127,(anonymous_17)
FN:128,(anonymous_18)
FN:131,(anonymous_19)
FN:149,(anonymous_20)
FN:170,(anonymous_21)
FN:171,(anonymous_22)
FN:173,(anonymous_23)
FN:185,(anonymous_24)
FN:186,(anonymous_25)
FN:188,(anonymous_26)
FN:205,(anonymous_27)
FN:209,(anonymous_28)
FN:212,(anonymous_29)
FN:231,(anonymous_30)
FN:244,(anonymous_31)
FN:251,(anonymous_32)
FN:255,(anonymous_33)
FN:259,(anonymous_34)
FN:263,(anonymous_35)
FN:298,(anonymous_36)
FN:360,(anonymous_37)
FN:389,(anonymous_38)
FNF:39
FNH:0
FNDA:0,(anonymous_0)
FNDA:0,(anonymous_1)
FNDA:0,(anonymous_2)
FNDA:0,(anonymous_3)
FNDA:0,(anonymous_4)
FNDA:0,(anonymous_5)
FNDA:0,(anonymous_6)
FNDA:0,(anonymous_7)
FNDA:0,(anonymous_8)
FNDA:0,(anonymous_9)
FNDA:0,(anonymous_10)
FNDA:0,(anonymous_11)
FNDA:0,(anonymous_12)
FNDA:0,(anonymous_13)
FNDA:0,(anonymous_14)
FNDA:0,(anonymous_15)
FNDA:0,(anonymous_16)
FNDA:0,(anonymous_17)
FNDA:0,(anonymous_18)
FNDA:0,(anonymous_19)
FNDA:0,(anonymous_20)
FNDA:0,(anonymous_21)
FNDA:0,(anonymous_22)
FNDA:0,(anonymous_23)
FNDA:0,(anonymous_24)
FNDA:0,(anonymous_25)
FNDA:0,(anonymous_26)
FNDA:0,(anonymous_27)
FNDA:0,(anonymous_28)
FNDA:0,(anonymous_29)
FNDA:0,(anonymous_30)
FNDA:0,(anonymous_31)
FNDA:0,(anonymous_32)
FNDA:0,(anonymous_33)
FNDA:0,(anonymous_34)
FNDA:0,(anonymous_35)
FNDA:0,(anonymous_36)
FNDA:0,(anonymous_37)
FNDA:0,(anonymous_38)
DA:23,0
DA:24,0
DA:36,0
DA:37,0
DA:40,0
DA:42,0
DA:45,0
DA:46,0
DA:47,0
DA:48,0
DA:49,0
DA:52,0
DA:53,0
DA:54,0
DA:55,0
DA:57,0
DA:58,0
DA:67,0
DA:69,0
DA:70,0
DA:72,0
DA:73,0
DA:80,0
DA:82,0
DA:83,0
DA:84,0
DA:85,0
DA:90,0
DA:91,0
DA:93,0
DA:97,0
DA:99,0
DA:101,0
DA:104,0
DA:105,0
DA:108,0
DA:124,0
DA:125,0
DA:127,0
DA:128,0
DA:131,0
DA:137,0
DA:138,0
DA:140,0
DA:141,0
DA:154,0
DA:155,0
DA:158,0
DA:160,0
DA:163,0
DA:164,0
DA:165,0
DA:166,0
DA:169,0
DA:170,0
DA:171,0
DA:173,0
DA:176,0
DA:177,0
DA:178,0
DA:180,0
DA:181,0
DA:184,0
DA:185,0
DA:186,0
DA:188,0
DA:191,0
DA:193,0
DA:194,0
DA:195,0
DA:198,0
DA:199,0
DA:200,0
DA:204,0
DA:207,0
DA:209,0
DA:212,0
DA:214,0
DA:216,0
DA:222,0
DA:223,0
DA:237,0
DA:238,0
DA:241,0
DA:244,0
DA:245,0
DA:248,0
DA:251,0
DA:252,0
DA:255,0
DA:256,0
DA:259,0
DA:260,0
DA:263,0
DA:264,0
DA:268,0
DA:271,0
DA:274,0
DA:277,0
DA:280,0
DA:282,0
DA:289,0
DA:290,0
DA:299,0
DA:300,0
DA:303,0
DA:306,0
DA:309,0
DA:312,0
DA:313,0
DA:317,0
DA:318,0
DA:322,0
DA:323,0
DA:327,0
DA:328,0
DA:332,0
DA:333,0
DA:334,0
DA:338,0
DA:339,0
DA:343,0
DA:344,0
DA:347,0
DA:348,0
DA:350,0
DA:351,0
DA:365,0
DA:368,0
DA:369,0
DA:373,0
DA:374,0
DA:376,0
DA:378,0
DA:379,0
DA:381,0
DA:382,0
DA:384,0
DA:385,0
DA:389,0
LF:140
LH:0
BRDA:34,0,0,0
BRDA:52,1,0,0
BRDA:52,1,1,0
BRDA:53,2,0,0
BRDA:53,2,1,0
BRDA:54,3,0,0
BRDA:54,3,1,0
BRDA:55,4,0,0
BRDA:55,4,1,0
BRDA:58,5,0,0
BRDA:58,5,1,0
BRDA:70,6,0,0
BRDA:70,6,1,0
BRDA:72,7,0,0
BRDA:72,7,1,0
BRDA:82,8,0,0
BRDA:82,8,1,0
BRDA:84,9,0,0
BRDA:84,9,1,0
BRDA:93,10,0,0
BRDA:93,10,1,0
BRDA:140,11,0,0
BRDA:140,11,1,0
BRDA:141,12,0,0
BRDA:141,12,1,0
BRDA:165,13,0,0
BRDA:165,13,1,0
BRDA:178,14,0,0
BRDA:178,14,1,0
BRDA:180,15,0,0
BRDA:180,15,1,0
BRDA:194,16,0,0
BRDA:194,16,1,0
BRDA:199,17,0,0
BRDA:199,17,1,0
BRDA:207,18,0,0
BRDA:207,18,1,0
BRDA:222,19,0,0
BRDA:222,19,1,0
BRDA:223,20,0,0
BRDA:223,20,1,0
BRDA:245,21,0,0
BRDA:245,21,1,0
BRDA:252,22,0,0
BRDA:252,22,1,0
BRDA:256,23,0,0
BRDA:256,23,1,0
BRDA:260,24,0,0
BRDA:260,24,1,0
BRDA:264,25,0,0
BRDA:264,25,1,0
BRDA:289,26,0,0
BRDA:289,26,1,0
BRDA:290,27,0,0
BRDA:290,27,1,0
BRDA:312,28,0,0
BRDA:312,28,1,0
BRDA:312,29,0,0
BRDA:312,29,1,0
BRDA:317,30,0,0
BRDA:317,30,1,0
BRDA:317,31,0,0
BRDA:317,31,1,0
BRDA:322,32,0,0
BRDA:322,32,1,0
BRDA:322,33,0,0
BRDA:322,33,1,0
BRDA:327,34,0,0
BRDA:327,34,1,0
BRDA:332,35,0,0
BRDA:332,35,1,0
BRDA:338,36,0,0
BRDA:338,36,1,0
BRDA:343,37,0,0
BRDA:343,37,1,0
BRDA:350,38,0,0
BRDA:350,38,1,0
BRDA:351,39,0,0
BRDA:351,39,1,0
BRDA:368,40,0,0
BRDA:368,40,1,0
BRDA:376,41,0,0
BRDA:376,41,1,0
BRDA:376,41,2,0
BRF:84
BRH:0
end_of_record
TN:
SF:src/core/feedback/feedback-collector.ts
FN:28,(anonymous_0)
FN:40,(anonymous_1)
FN:79,(anonymous_2)
FN:105,(anonymous_3)
FN:158,(anonymous_4)
FN:176,(anonymous_5)
FN:199,(anonymous_6)
FN:235,(anonymous_7)
FN:244,(anonymous_8)
FNF:9
FNH:0
FNDA:0,(anonymous_0)
FNDA:0,(anonymous_1)
FNDA:0,(anonymous_2)
FNDA:0,(anonymous_3)
FNDA:0,(anonymous_4)
FNDA:0,(anonymous_5)
FNDA:0,(anonymous_6)
FNDA:0,(anonymous_7)
FNDA:0,(anonymous_8)
DA:29,0
DA:30,0
DA:46,0
DA:47,0
DA:50,0
DA:53,0
DA:56,0
DA:75,0
DA:78,0
DA:79,0
DA:81,0
DA:83,0
DA:89,0
DA:92,0
DA:93,0
DA:95,0
DA:96,0
DA:110,0
DA:111,0
DA:114,0
DA:115,0
DA:116,0
DA:120,0
DA:121,0
DA:122,0
DA:126,0
DA:127,0
DA:128,0
DA:132,0
DA:139,0
DA:146,0
DA:147,0
DA:149,0
DA:150,0
DA:159,0
DA:160,0
DA:162,0
DA:164,0
DA:165,0
DA:167,0
DA:168,0
DA:177,0
DA:178,0
DA:181,0
DA:186,0
DA:187,0
DA:189,0
DA:190,0
DA:201,0
DA:203,0
DA:207,0
DA:209,0
DA:213,0
DA:214,0
DA:218,0
DA:219,0
DA:223,0
DA:224,0
DA:228,0
DA:236,0
DA:237,0
DA:254,0
DA:255,0
DA:257,0
LF:64
LH:0
BRDA:81,0,0,0
BRDA:81,0,1,0
BRDA:95,1,0,0
BRDA:95,1,1,0
BRDA:96,2,0,0
BRDA:96,2,1,0
BRDA:115,3,0,0
BRDA:115,3,1,0
BRDA:120,4,0,0
BRDA:120,4,1,0
BRDA:126,5,0,0
BRDA:126,5,1,0
BRDA:143,6,0,0
BRDA:143,6,1,0
BRDA:149,7,0,0
BRDA:149,7,1,0
BRDA:150,8,0,0
BRDA:150,8,1,0
BRDA:167,9,0,0
BRDA:167,9,1,0
BRDA:168,10,0,0
BRDA:168,10,1,0
BRDA:189,11,0,0
BRDA:189,11,1,0
BRDA:201,12,0,0
BRDA:201,12,1,0
BRDA:201,13,0,0
BRDA:201,13,1,0
BRDA:201,13,2,0
BRDA:201,13,3,0
BRDA:207,14,0,0
BRDA:207,14,1,0
BRDA:207,15,0,0
BRDA:207,15,1,0
BRDA:207,15,2,0
BRDA:207,15,3,0
BRDA:213,16,0,0
BRDA:213,16,1,0
BRDA:218,17,0,0
BRDA:218,17,1,0
BRDA:223,18,0,0
BRDA:223,18,1,0
BRDA:237,19,0,0
BRDA:237,19,1,0
BRF:44
BRH:0
end_of_record
TN:
SF:src/core/feedback/feedback-repository.ts
FN:30,(anonymous_0)
FN:44,(anonymous_1)
FN:66,(anonymous_2)
FN:91,(anonymous_3)
FN:114,(anonymous_4)
FN:115,(anonymous_5)
FN:138,(anonymous_6)
FN:143,(anonymous_7)
FN:144,(anonymous_8)
FN:158,(anonymous_9)
FN:164,(anonymous_10)
FN:165,(anonymous_11)
FN:184,(anonymous_12)
FN:213,(anonymous_13)
FN:237,(anonymous_14)
FN:260,(anonymous_15)
FN:289,(anonymous_16)
FN:294,(anonymous_17)
FN:295,(anonymous_18)
FN:311,(anonymous_19)
FN:349,(anonymous_20)
FN:356,(anonymous_21)
FN:373,(anonymous_22)
FN:390,(anonymous_23)
FNF:24
FNH:0
FNDA:0,(anonymous_0)
FNDA:0,(anonymous_1)
FNDA:0,(anonymous_2)
FNDA:0,(anonymous_3)
FNDA:0,(anonymous_4)
FNDA:0,(anonymous_5)
FNDA:0,(anonymous_6)
FNDA:0,(anonymous_7)
FNDA:0,(anonymous_8)
FNDA:0,(anonymous_9)
FNDA:0,(anonymous_10)
FNDA:0,(anonymous_11)
FNDA:0,(anonymous_12)
FNDA:0,(anonymous_13)
FNDA:0,(anonymous_14)
FNDA:0,(anonymous_15)
FNDA:0,(anonymous_16)
FNDA:0,(anonymous_17)
FNDA:0,(anonymous_18)
FNDA:0,(anonymous_19)
FNDA:0,(anonymous_20)
FNDA:0,(anonymous_21)
FNDA:0,(anonymous_22)
FNDA:0,(anonymous_23)
DA:31,0
DA:32,0
DA:33,0
DA:34,0
DA:37,0
DA:45,0
DA:46,0
DA:49,0
DA:52,0
DA:54,0
DA:55,0
DA:57,0
DA:58,0
DA:67,0
DA:68,0
DA:70,0
DA:72,0
DA:73,0
DA:75,0
DA:78,0
DA:80,0
DA:81,0
DA:96,0
DA:97,0
DA:100,0
DA:104,0
DA:106,0
DA:107,0
DA:108,0
DA:114,0
DA:115,0
DA:118,0
DA:119,0
DA:122,0
DA:123,0
DA:126,0
DA:127,0
DA:129,0
DA:130,0
DA:139,0
DA:140,0
DA:142,0
DA:143,0
DA:144,0
DA:146,0
DA:147,0
DA:149,0
DA:150,0
DA:159,0
DA:160,0
DA:163,0
DA:164,0
DA:165,0
DA:168,0
DA:169,0
DA:172,0
DA:173,0
DA:175,0
DA:176,0
DA:185,0
DA:186,0
DA:188,0
DA:189,0
DA:190,0
DA:191,0
DA:195,0
DA:196,0
DA:199,0
DA:201,0
DA:202,0
DA:204,0
DA:205,0
DA:216,0
DA:217,0
DA:220,0
DA:223,0
DA:225,0
DA:226,0
DA:228,0
DA:229,0
DA:238,0
DA:239,0
DA:241,0
DA:243,0
DA:244,0
DA:246,0
DA:249,0
DA:251,0
DA:252,0
DA:261,0
DA:262,0
DA:264,0
DA:265,0
DA:266,0
DA:267,0
DA:270,0
DA:272,0
DA:273,0
DA:275,0
DA:278,0
DA:280,0
DA:281,0
DA:290,0
DA:291,0
DA:293,0
DA:294,0
DA:295,0
DA:297,0
DA:298,0
DA:300,0
DA:301,0
DA:316,0
DA:317,0
DA:319,0
DA:320,0
DA:321,0
DA:325,0
DA:327,0
DA:328,0
DA:331,0
DA:332,0
DA:336,0
DA:338,0
DA:339,0
DA:341,0
DA:342,0
DA:350,0
DA:351,0
DA:353,0
DA:355,0
DA:357,0
DA:361,0
DA:362,0
DA:364,0
DA:365,0
DA:375,0
DA:376,0
DA:380,0
DA:392,0
DA:508,0
DA:509,0
DA:513,0
DA:547,0
DA:548,0
DA:549,0
LF:145
LH:0
BRDA:57,0,0,0
BRDA:57,0,1,0
BRDA:58,1,0,0
BRDA:58,1,1,0
BRDA:70,2,0,0
BRDA:70,2,1,0
BRDA:72,3,0,0
BRDA:72,3,1,0
BRDA:80,4,0,0
BRDA:80,4,1,0
BRDA:81,5,0,0
BRDA:81,5,1,0
BRDA:104,6,0,0
BRDA:104,6,1,0
BRDA:104,7,0,0
BRDA:104,7,1,0
BRDA:107,8,0,0
BRDA:107,8,1,0
BRDA:118,9,0,0
BRDA:118,9,1,0
BRDA:118,10,0,0
BRDA:118,10,1,0
BRDA:122,11,0,0
BRDA:122,11,1,0
BRDA:122,12,0,0
BRDA:122,12,1,0
BRDA:129,13,0,0
BRDA:129,13,1,0
BRDA:130,14,0,0
BRDA:130,14,1,0
BRDA:149,15,0,0
BRDA:149,15,1,0
BRDA:150,16,0,0
BRDA:150,16,1,0
BRDA:168,17,0,0
BRDA:168,17,1,0
BRDA:168,18,0,0
BRDA:168,18,1,0
BRDA:175,19,0,0
BRDA:175,19,1,0
BRDA:176,20,0,0
BRDA:176,20,1,0
BRDA:189,21,0,0
BRDA:189,21,1,0
BRDA:204,22,0,0
BRDA:204,22,1,0
BRDA:205,23,0,0
BRDA:205,23,1,0
BRDA:228,24,0,0
BRDA:228,24,1,0
BRDA:229,25,0,0
BRDA:229,25,1,0
BRDA:241,26,0,0
BRDA:241,26,1,0
BRDA:243,27,0,0
BRDA:243,27,1,0
BRDA:251,28,0,0
BRDA:251,28,1,0
BRDA:252,29,0,0
BRDA:252,29,1,0
BRDA:265,30,0,0
BRDA:265,30,1,0
BRDA:270,31,0,0
BRDA:270,31,1,0
BRDA:272,32,0,0
BRDA:272,32,1,0
BRDA:280,33,0,0
BRDA:280,33,1,0
BRDA:281,34,0,0
BRDA:281,34,1,0
BRDA:294,35,0,0
BRDA:294,35,1,0
BRDA:300,36,0,0
BRDA:300,36,1,0
BRDA:301,37,0,0
BRDA:301,37,1,0
BRDA:320,38,0,0
BRDA:320,38,1,0
BRDA:327,39,0,0
BRDA:327,39,1,0
BRDA:327,40,0,0
BRDA:327,40,1,0
BRDA:331,41,0,0
BRDA:331,41,1,0
BRDA:341,42,0,0
BRDA:341,42,1,0
BRDA:342,43,0,0
BRDA:342,43,1,0
BRDA:357,44,0,0
BRDA:357,44,1,0
BRDA:364,45,0,0
BRDA:364,45,1,0
BRDA:365,46,0,0
BRDA:365,46,1,0
BRDA:375,47,0,0
BRDA:375,47,1,0
BRF:96
BRH:0
end_of_record
TN:
SF:src/core/feedback/feedback-service.ts
FN:33,(anonymous_0)
FN:50,(anonymous_1)
FN:58,(anonymous_2)
FN:66,(anonymous_3)
FN:74,(anonymous_4)
FN:131,(anonymous_5)
FN:170,(anonymous_6)
FN:195,(anonymous_7)
FN:233,(anonymous_8)
FN:256,(anonymous_9)
FN:291,(anonymous_10)
FN:309,(anonymous_11)
FN:342,(anonymous_12)
FNF:13
FNH:0
FNDA:0,(anonymous_0)
FNDA:0,(anonymous_1)
FNDA:0,(anonymous_2)
FNDA:0,(anonymous_3)
FNDA:0,(anonymous_4)
FNDA:0,(anonymous_5)
FNDA:0,(anonymous_6)
FNDA:0,(anonymous_7)
FNDA:0,(anonymous_8)
FNDA:0,(anonymous_9)
FNDA:0,(anonymous_10)
FNDA:0,(anonymous_11)
FNDA:0,(anonymous_12)
DA:31,0
DA:39,0
DA:40,0
DA:41,0
DA:42,0
DA:43,0
DA:51,0
DA:59,0
DA:67,0
DA:80,0
DA:81,0
DA:84,0
DA:89,0
DA:97,0
DA:103,0
DA:107,0
DA:108,0
DA:109,0
DA:111,0
DA:115,0
DA:119,0
DA:120,0
DA:122,0
DA:123,0
DA:136,0
DA:137,0
DA:140,0
DA:143,0
DA:150,0
DA:156,0
DA:158,0
DA:160,0
DA:161,0
DA:174,0
DA:175,0
DA:178,0
DA:181,0
DA:183,0
DA:185,0
DA:186,0
DA:199,0
DA:200,0
DA:203,0
DA:206,0
DA:209,0
DA:216,0
DA:220,0
DA:222,0
DA:224,0
DA:225,0
DA:237,0
DA:238,0
DA:242,0
DA:244,0
DA:245,0
DA:247,0
DA:248,0
DA:262,0
DA:263,0
DA:266,0
DA:269,0
DA:272,0
DA:279,0
DA:280,0
DA:282,0
DA:283,0
DA:292,0
DA:293,0
DA:295,0
DA:297,0
DA:298,0
DA:300,0
DA:301,0
DA:310,0
DA:311,0
DA:314,0
DA:316,0
DA:318,0
DA:319,0
DA:320,0
DA:321,0
DA:322,0
DA:325,0
DA:330,0
DA:331,0
DA:333,0
DA:334,0
DA:344,0
DA:345,0
DA:350,0
DA:357,0
DA:359,0
LF:92
LH:0
BRDA:84,0,0,0
BRDA:84,0,1,0
BRDA:85,1,0,0
BRDA:85,1,1,0
BRDA:108,2,0,0
BRDA:108,2,1,0
BRDA:108,3,0,0
BRDA:108,3,1,0
BRDA:122,4,0,0
BRDA:122,4,1,0
BRDA:123,5,0,0
BRDA:123,5,1,0
BRDA:140,6,0,0
BRDA:140,6,1,0
BRDA:160,7,0,0
BRDA:160,7,1,0
BRDA:161,8,0,0
BRDA:161,8,1,0
BRDA:178,9,0,0
BRDA:178,9,1,0
BRDA:185,10,0,0
BRDA:185,10,1,0
BRDA:186,11,0,0
BRDA:186,11,1,0
BRDA:224,12,0,0
BRDA:224,12,1,0
BRDA:225,13,0,0
BRDA:225,13,1,0
BRDA:247,14,0,0
BRDA:247,14,1,0
BRDA:248,15,0,0
BRDA:248,15,1,0
BRDA:282,16,0,0
BRDA:282,16,1,0
BRDA:283,17,0,0
BRDA:283,17,1,0
BRDA:300,18,0,0
BRDA:300,18,1,0
BRDA:301,19,0,0
BRDA:301,19,1,0
BRDA:321,20,0,0
BRDA:321,20,1,0
BRDA:325,21,0,0
BRDA:325,21,1,0
BRDA:333,22,0,0
BRDA:333,22,1,0
BRDA:334,23,0,0
BRDA:334,23,1,0
BRDA:344,24,0,0
BRDA:344,24,1,0
BRF:50
BRH:0
end_of_record
TN:
SF:src/core/feedback/index.ts
FN:30,createMockNewsletterDetector
FN:32,(anonymous_1)
FN:35,(anonymous_2)
FN:38,(anonymous_3)
FN:41,(anonymous_4)
FN:53,createFeedbackService
FN:92,(anonymous_6)
FN:93,(anonymous_7)
FN:94,(anonymous_8)
FN:95,(anonymous_9)
FNF:10
FNH:0
FNDA:0,createMockNewsletterDetector
FNDA:0,(anonymous_1)
FNDA:0,(anonymous_2)
FNDA:0,(anonymous_3)
FNDA:0,(anonymous_4)
FNDA:0,createFeedbackService
FNDA:0,(anonymous_6)
FNDA:0,(anonymous_7)
FNDA:0,(anonymous_8)
FNDA:0,(anonymous_9)
DA:31,0
DA:43,0
DA:62,0
DA:65,0
DA:68,0
DA:75,0
DA:78,0
DA:81,0
DA:84,0
DA:92,0
DA:93,0
DA:94,0
DA:95,0
DA:97,0
LF:14
LH:0
BRDA:78,0,0,0
BRDA:78,0,1,0
BRF:2
BRH:0
end_of_record
TN:
SF:src/core/feedback/interfaces.ts
FNF:0
FNH:0
LF:0
LH:0
BRF:0
BRH:0
end_of_record
TN:
SF:src/core/feedback/verification-request-generator.ts
FN:28,(anonymous_0)
FN:50,(anonymous_1)
FN:63,(anonymous_2)
FN:109,(anonymous_3)
FN:208,(anonymous_4)
FN:242,(anonymous_5)
FN:314,(anonymous_6)
FN:345,(anonymous_7)
FN:373,(anonymous_8)
FN:392,(anonymous_9)
FN:400,(anonymous_10)
FN:445,(anonymous_11)
FN:454,(anonymous_12)
FNF:13
FNH:0
FNDA:0,(anonymous_0)
FNDA:0,(anonymous_1)
FNDA:0,(anonymous_2)
FNDA:0,(anonymous_3)
FNDA:0,(anonymous_4)
FNDA:0,(anonymous_5)
FNDA:0,(anonymous_6)
FNDA:0,(anonymous_7)
FNDA:0,(anonymous_8)
FNDA:0,(anonymous_9)
FNDA:0,(anonymous_10)
FNDA:0,(anonymous_11)
FNDA:0,(anonymous_12)
DA:24,0
DA:25,0
DA:26,0
DA:33,0
DA:34,0
DA:37,0
DA:38,0
DA:39,0
DA:40,0
DA:55,0
DA:56,0
DA:59,0
DA:62,0
DA:63,0
DA:65,0
DA:66,0
DA:67,0
DA:71,0
DA:74,0
DA:75,0
DA:78,0
DA:95,0
DA:97,0
DA:98,0
DA:100,0
DA:101,0
DA:114,0
DA:115,0
DA:118,0
DA:119,0
DA:120,0
DA:123,0
DA:126,0
DA:145,0
DA:197,0
DA:198,0
DA:200,0
DA:201,0
DA:209,0
DA:210,0
DA:213,0
DA:215,0
DA:218,0
DA:220,0
DA:221,0
DA:226,0
DA:230,0
DA:231,0
DA:233,0
DA:234,0
DA:246,0
DA:247,0
DA:254,0
DA:259,0
DA:262,0
DA:264,0
DA:267,0
DA:270,0
DA:271,0
DA:274,0
DA:291,0
DA:297,0
DA:298,0
DA:301,0
DA:302,0
DA:304,0
DA:305,0
DA:324,0
DA:327,0
DA:328,0
DA:330,0
DA:331,0
DA:332,0
DA:333,0
DA:335,0
DA:343,0
DA:344,0
DA:345,0
DA:357,0
DA:358,0
DA:373,0
DA:375,0
DA:377,0
DA:392,0
DA:401,0
DA:402,0
DA:405,0
DA:406,0
DA:407,0
DA:411,0
DA:412,0
DA:413,0
DA:417,0
DA:418,0
DA:419,0
DA:423,0
DA:426,0
DA:427,0
DA:428,0
DA:431,0
DA:433,0
DA:434,0
DA:436,0
DA:437,0
DA:446,0
DA:447,0
DA:460,0
LF:107
LH:0
BRDA:37,0,0,0
BRDA:37,0,1,0
BRDA:38,1,0,0
BRDA:38,1,1,0
BRDA:39,2,0,0
BRDA:39,2,1,0
BRDA:40,3,0,0
BRDA:40,3,1,0
BRDA:65,4,0,0
BRDA:65,4,1,0
BRDA:100,5,0,0
BRDA:100,5,1,0
BRDA:101,6,0,0
BRDA:101,6,1,0
BRDA:123,7,0,0
BRDA:123,7,1,0
BRDA:130,8,0,0
BRDA:130,8,1,0
BRDA:173,9,0,0
BRDA:173,9,1,0
BRDA:200,10,0,0
BRDA:200,10,1,0
BRDA:201,11,0,0
BRDA:201,11,1,0
BRDA:220,12,0,0
BRDA:220,12,1,0
BRDA:233,13,0,0
BRDA:233,13,1,0
BRDA:234,14,0,0
BRDA:234,14,1,0
BRDA:304,15,0,0
BRDA:304,15,1,0
BRDA:305,16,0,0
BRDA:305,16,1,0
BRDA:330,17,0,0
BRDA:330,17,1,0
BRDA:332,18,0,0
BRDA:332,18,1,0
BRDA:332,19,0,0
BRDA:332,19,1,0
BRDA:343,20,0,0
BRDA:343,20,1,0
BRDA:343,21,0,0
BRDA:343,21,1,0
BRDA:349,22,0,0
BRDA:349,22,1,0
BRDA:375,23,0,0
BRDA:375,23,1,0
BRDA:406,24,0,0
BRDA:406,24,1,0
BRDA:411,25,0,0
BRDA:411,25,1,0
BRDA:417,26,0,0
BRDA:417,26,1,0
BRDA:436,27,0,0
BRDA:436,27,1,0
BRDA:437,28,0,0
BRDA:437,28,1,0
BRDA:447,29,0,0
BRDA:447,29,1,0
BRF:60
BRH:0
end_of_record
TN:
SF:src/data/database-manager.ts
FN:25,(anonymous_0)
FN:33,(anonymous_1)
FN:46,(anonymous_2)
FN:61,(anonymous_3)
FN:75,(anonymous_4)
FN:89,(anonymous_5)
FN:107,(anonymous_6)
FN:165,(anonymous_7)
FN:195,(anonymous_8)
FN:210,(anonymous_9)
FN:226,(anonymous_10)
FN:250,(anonymous_11)
FN:257,(anonymous_12)
FN:270,(anonymous_13)
FN:294,(anonymous_14)
FN:326,(anonymous_15)
FN:333,(anonymous_16)
FN:355,(anonymous_17)
FN:363,(anonymous_18)
FN:384,(anonymous_19)
FN:397,(anonymous_20)
FN:401,(anonymous_21)
FN:420,(anonymous_22)
[...]
FNDA:0,(anonymous_14)
FNDA:0,(anonymous_15)
FNDA:0,(anonymous_16)
FNDA:0,(anonymous_17)
FNDA:0,(anonymous_18)
FNDA:0,(anonymous_19)
FNDA:0,(anonymous_20)
FNDA:0,(anonymous_21)
FNDA:0,(anonymous_22)
FNDA:0,(anonymous_23)
FNDA:0,(anonymous_24)
FNDA:0,(anonymous_25)
FNDA:0,(anonymous_26)
FNDA:0,(anonymous_27)
FNDA:0,(anonymous_28)
FNDA:0,(anonymous_29)
DA:16,1
DA:21,1
DA:22,1
DA:25,1
DA:32,1
DA:33,1
DA:34,1
DA:43,0
DA:44,0
DA:46,0
DA:49,0
DA:50,0
DA:54,0
DA:55,0
DA:56,0
DA:61,0
DA:62,0
DA:63,0
DA:64,0
DA:68,0
DA:69,0
DA:73,0
DA:75,0
DA:78,0
DA:79,0
DA:82,0
DA:83,0
DA:87,0
DA:88,0
DA:97,0
DA:98,0
DA:100,0
DA:102,0
DA:103,0
DA:107,0
DA:109,0
DA:113,0
DA:119,0
DA:121,0
DA:128,0
DA:135,0
DA:136,0
DA:137,0
DA:145,1
DA:146,7
DA:148,1
DA:155,1
DA:156,1
DA:163,0
DA:170,1
DA:171,7
DA:173,1
DA:186,0
DA:187,0
DA:188,0
DA:192,0
DA:193,0
DA:194,0
DA:199,0
DA:200,0
DA:201,0
DA:203,0
DA:205,0
DA:206,0
DA:207,0
DA:208,0
DA:212,0
DA:213,0
DA:214,0
DA:215,0
DA:216,0
DA:223,0
DA:224,0
DA:225,0
DA:227,0
DA:228,0
DA:229,0
DA:230,0
DA:235,0
DA:236,0
DA:237,0
DA:238,0
DA:239,0
DA:240,0
DA:243,0
DA:248,0
DA:249,0
DA:250,0
DA:251,0
DA:252,0
DA:253,0
DA:256,0
DA:261,0
DA:268,0
DA:270,0
DA:271,0
DA:273,0
DA:281,0
DA:282,0
LF:99
LH:15
BRDA:42,0,0,0
BRDA:49,1,0,0
BRDA:49,1,1,0
BRDA:54,2,0,0
BRDA:54,2,1,0
BRDA:54,3,0,0
BRDA:54,3,1,0
BRDA:56,4,0,0
BRDA:56,4,1,0
BRDA:62,5,0,0
BRDA:62,5,1,0
BRDA:63,6,0,0
BRDA:63,6,1,0
BRDA:68,7,0,0
BRDA:68,7,1,0
BRDA:68,8,0,0
BRDA:68,8,1,0
BRDA:73,9,0,0
BRDA:73,9,1,0
BRDA:73,10,0,0
BRDA:73,10,1,0
BRDA:73,10,2,0
BRDA:96,11,0,0
BRDA:102,12,0,0
BRDA:102,12,1,0
BRDA:107,13,0,0
BRDA:107,13,1,0
BRDA:107,14,0,0
BRDA:107,14,1,0
BRDA:119,15,0,0
BRDA:119,15,1,0
BRDA:186,16,0,0
BRDA:186,16,1,0
BRDA:192,17,0,0
BRDA:192,17,1,0
BRDA:200,18,0,0
BRDA:200,18,1,0
BRDA:200,19,0,0
BRDA:200,19,1,0
BRDA:203,20,0,0
BRDA:203,20,1,0
BRDA:207,21,0,0
BRDA:207,21,1,0
BRDA:215,22,0,0
BRDA:215,22,1,0
BRDA:224,23,0,0
BRDA:224,23,1,0
BRDA:224,24,0,0
BRDA:224,24,1,0
BRDA:229,25,0,0
BRDA:229,25,1,0
BRDA:236,26,0,0
BRDA:236,26,1,0
BRDA:236,27,0,0
BRDA:236,27,1,0
BRDA:238,28,0,0
BRDA:238,28,1,0
BRDA:240,29,0,0
BRDA:240,29,1,0
BRDA:249,30,0,0
BRDA:249,30,1,0
BRDA:249,31,0,0
BRDA:249,31,1,0
BRDA:251,32,0,0
BRDA:251,32,1,0
BRDA:253,33,0,0
BRDA:253,33,1,0
BRDA:281,34,0,0
BRDA:281,34,1,0
BRF:69
BRH:0
end_of_record
TN:
SF:src/tests/integration/test-data/sample-emails.ts
FN:473,getSampleEmails
FN:481,getSampleEmailById
FN:482,(anonymous_2)
FN:488,getNewsletterEmails
FN:489,(anonymous_4)
FN:497,getNonNewsletterEmails
FN:498,(anonymous_6)
FN:506,getAmbiguousEmails
FN:507,(anonymous_8)
FNF:9
FNH:5
FNDA:1,getSampleEmails
FNDA:0,getSampleEmailById
FNDA:0,(anonymous_2)
FNDA:2,getNewsletterEmails
FNDA:14,(anonymous_4)
FNDA:1,getNonNewsletterEmails
FNDA:7,(anonymous_6)
FNDA:0,getAmbiguousEmails
FNDA:0,(anonymous_8)
DA:15,1
DA:474,1
DA:482,0
DA:489,2
DA:490,14
DA:498,1
DA:499,7
DA:507,0
DA:508,0
LF:9
LH:6
BRF:0
BRH:0
end_of_record
TN:
SF:src/tools/assign-category-tool.ts
FN:44,(anonymous_0)
FNF:1
FNH:0
FNDA:0,(anonymous_0)
DA:12,0
DA:15,0
DA:24,0
DA:39,0
DA:45,0
DA:47,0
DA:48,0
DA:51,0
DA:53,0
DA:54,0
DA:58,0
DA:59,0
DA:61,0
DA:62,0
DA:66,0
DA:67,0
DA:68,0
DA:75,0
DA:77,0
DA:84,0
DA:95,0
DA:96,0
DA:106,0
DA:108,0
DA:110,0
DA:119,0
DA:120,0
DA:130,0
LF:28
LH:0
BRDA:48,0,0,0
BRDA:48,0,1,0
BRDA:48,1,0,0
BRDA:48,1,1,0
BRDA:53,2,0,0
BRDA:53,2,1,0
BRDA:61,3,0,0
BRDA:61,3,1,0
BRDA:67,4,0,0
BRDA:67,4,1,0
BRDA:71,5,0,0
BRDA:71,5,1,0
BRDA:80,6,0,0
BRDA:80,6,1,0
BRDA:89,7,0,0
BRDA:89,7,1,0
BRDA:90,8,0,0
BRDA:90,8,1,0
BRDA:90,9,0,0
BRDA:90,9,1,0
BRDA:91,10,0,0
BRDA:91,10,1,0
BRDA:91,11,0,0
BRDA:91,11,1,0
BRDA:95,12,0,0
BRDA:95,12,1,0
BRDA:108,13,0,0
BRDA:108,13,1,0
BRDA:108,14,0,0
BRDA:108,14,1,0
BRDA:115,15,0,0
BRDA:115,15,1,0
BRDA:119,16,0,0
BRDA:119,16,1,0
BRF:34
BRH:0
end_of_record
TN:
SF:src/tools/categorize-newsletter-tool.ts
FN:47,(anonymous_0)
FN:104,(anonymous_1)
FNF:2
FNH:0
FNDA:0,(anonymous_0)
FNDA:0,(anonymous_1)
DA:14,0
DA:17,0
DA:23,0
DA:42,0
DA:48,0
DA:50,0
DA:51,0
DA:54,0
DA:56,0
DA:57,0
DA:61,0
DA:63,0
DA:64,0
DA:65,0
DA:66,0
DA:70,0
DA:71,0
DA:72,0
DA:74,0
DA:77,0
DA:78,0
DA:102,0
DA:104,0
DA:114,0
DA:117,0
DA:118,0
DA:132,0
DA:134,0
DA:137,0
DA:138,0
DA:148,0
LF:31
LH:0
BRDA:56,0,0,0
BRDA:56,0,1,0
BRDA:61,1,0,0
BRDA:61,1,1,0
BRDA:61,2,0,0
BRDA:61,2,1,0
BRDA:63,3,0,0
BRDA:63,3,1,0
BRDA:64,4,0,0
BRDA:64,4,1,0
BRDA:65,5,0,0
BRDA:65,5,1,0
BRDA:66,6,0,0
BRDA:66,6,1,0
BRDA:77,7,0,0
BRDA:77,7,1,0
BRDA:117,8,0,0
BRDA:117,8,1,0
BRDA:134,9,0,0
BRDA:134,9,1,0
BRDA:137,10,0,0
BRDA:137,10,1,0
BRDA:142,11,0,0
BRDA:142,11,1,0
BRDA:148,12,0,0
BRDA:148,12,1,0
BRF:26
BRH:0
end_of_record
TN:
SF:src/tools/configure-digest-delivery-tool.ts
FN:66,(anonymous_0)
FN:82,(anonymous_1)
FN:83,(anonymous_2)
FN:84,(anonymous_3)
FN:87,(anonymous_4)
FN:88,(anonymous_5)
FN:89,(anonymous_6)
FN:90,(anonymous_7)
FN:91,(anonymous_8)
FNF:9
FNH:0
FNDA:0,(anonymous_0)
FNDA:0,(anonymous_1)
FNDA:0,(anonymous_2)
FNDA:0,(anonymous_3)
FNDA:0,(anonymous_4)
FNDA:0,(anonymous_5)
FNDA:0,(anonymous_6)
FNDA:0,(anonymous_7)
FNDA:0,(anonymous_8)
DA:14,0
DA:23,0
DA:35,0
DA:45,0
DA:61,0
DA:67,0
DA:69,0
DA:70,0
DA:77,0
DA:78,0
DA:79,0
DA:82,0
DA:83,0
DA:84,0
DA:87,0
DA:88,0
DA:89,0
DA:90,0
DA:91,0
DA:95,0
DA:96,0
DA:97,0
DA:100,0
DA:101,0
DA:102,0
DA:104,0
DA:108,0
DA:109,0
DA:110,0
DA:115,0
DA:116,0
DA:120,0
DA:122,0
DA:123,0
DA:127,0
DA:128,0
DA:132,0
DA:151,0
DA:152,0
DA:155,0
DA:157,0
DA:164,0
DA:165,0
DA:168,0
DA:169,0
DA:170,0
DA:174,0
DA:178,0
DA:179,0
DA:180,0
DA:183,0
DA:187,0
DA:188,0
DA:189,0
DA:190,0
DA:191,0
DA:194,0
DA:218,0
DA:220,0
LF:59
LH:0
BRDA:108,0,0,0
BRDA:108,0,1,0
BRDA:108,1,0,0
BRDA:108,1,1,0
BRDA:115,2,0,0
BRDA:115,2,1,0
BRDA:122,3,0,0
BRDA:122,3,1,0
BRDA:122,4,0,0
BRDA:122,4,1,0
BRDA:122,4,2,0
BRDA:122,4,3,0
BRDA:122,4,4,0
BRDA:122,4,5,0
BRDA:127,5,0,0
BRDA:127,5,1,0
BRDA:127,6,0,0
BRDA:127,6,1,0
BRDA:127,6,2,0
BRDA:140,7,0,0
BRDA:140,7,1,0
BRDA:145,8,0,0
BRDA:145,8,1,0
BRDA:151,9,0,0
BRDA:151,9,1,0
BRDA:164,10,0,0
BRDA:164,10,1,0
BRDA:169,11,0,0
BRDA:169,11,1,0
BRDA:179,12,0,0
BRDA:179,12,1,0
BRDA:187,13,0,0
BRDA:187,13,1,0
BRDA:187,14,0,0
BRDA:187,14,1,0
BRDA:199,15,0,0
BRDA:199,15,1,0
BRDA:199,16,0,0
BRDA:199,16,1,0
BRDA:212,17,0,0
BRDA:212,17,1,0
BRDA:218,18,0,0
BRDA:218,18,1,0
BRDA:224,19,0,0
BRDA:224,19,1,0
BRF:45
BRH:0
end_of_record
TN:
SF:src/tools/detect-newsletter-tool.ts
FN:24,(anonymous_0)
FN:107,getMockEmail
FN:195,getUserFeedback
FNF:3
FNH:2
FNDA:2,(anonymous_0)
FNDA:2,getMockEmail
FNDA:0,getUserFeedback
DA:13,1
DA:19,1
DA:25,2
DA:27,2
DA:28,2
DA:31,2
DA:35,2
DA:37,2
DA:38,0
DA:50,2
DA:51,0
DA:55,2
DA:58,2
DA:60,2
DA:61,1
DA:63,1
DA:66,2
DA:67,1
DA:71,2
DA:72,2
DA:74,2
DA:75,8
DA:76,8
DA:80,2
DA:89,0
DA:91,0
DA:109,2
DA:111,1
DA:146,1
DA:148,1
DA:161,0
DA:163,0
DA:188,0
DA:197,0
LF:34
LH:26
BRDA:37,0,0,0
BRDA:37,0,1,2
BRDA:50,1,0,0
BRDA:50,1,1,2
BRDA:60,2,0,1
BRDA:60,2,1,1
BRDA:66,3,0,1
BRDA:66,3,1,1
BRDA:71,4,0,2
BRDA:71,4,1,0
BRDA:89,5,0,0
BRDA:89,5,1,0
BRDA:95,6,0,0
BRDA:95,6,1,0
BRDA:109,7,0,1
BRDA:109,7,1,1
BRDA:146,8,0,1
BRDA:146,8,1,0
BRDA:161,9,0,0
BRDA:161,9,1,0
BRF:20
BRH:10
end_of_record
TN:
SF:src/tools/extract-newsletter-content-tool.ts
FN:60,(anonymous_0)
FN:78,(anonymous_1)
FN:84,(anonymous_2)
FN:89,(anonymous_3)
FN:95,(anonymous_4)
FNF:5
FNH:4
FNDA:1,(anonymous_0)
FNDA:1,(anonymous_1)
FNDA:0,(anonymous_2)
FNDA:1,(anonymous_3)
FNDA:5,(anonymous_4)
DA:12,1
DA:19,1
DA:55,1
DA:61,1
DA:62,1
DA:64,1
DA:65,1
DA:68,1
DA:74,1
DA:78,1
DA:84,0
DA:89,1
DA:95,5
DA:103,1
DA:104,1
DA:106,0
DA:107,0
LF:17
LH:14
BRDA:106,0,0,0
BRDA:106,0,1,0
BRDA:107,1,0,0
BRDA:107,1,1,0
BRF:4
BRH:0
end_of_record
TN:
SF:src/tools/generate-digest-tool.ts
FN:36,(anonymous_0)
FN:48,(anonymous_1)
FN:49,(anonymous_2)
FN:50,(anonymous_3)
FN:53,(anonymous_4)
FN:54,(anonymous_5)
FN:55,(anonymous_6)
FN:56,(anonymous_7)
FN:57,(anonymous_8)
FNF:9
FNH:0
FNDA:0,(anonymous_0)
FNDA:0,(anonymous_1)
FNDA:0,(anonymous_2)
FNDA:0,(anonymous_3)
FNDA:0,(anonymous_4)
FNDA:0,(anonymous_5)
FNDA:0,(anonymous_6)
FNDA:0,(anonymous_7)
FNDA:0,(anonymous_8)
DA:13,0
DA:19,0
DA:31,0
DA:37,0
DA:39,0
DA:40,0
DA:48,0
DA:49,0
DA:50,0
DA:53,0
DA:54,0
DA:55,0
DA:56,0
DA:57,0
DA:61,0
DA:62,0
DA:63,0
DA:66,0
DA:78,0
DA:79,0
DA:81,0
DA:84,0
DA:85,0
DA:108,0
DA:113,0
DA:115,0
DA:129,0
DA:143,0
DA:157,0
DA:167,0
DA:169,0
LF:31
LH:0
BRDA:68,0,0,0
BRDA:68,0,1,0
BRDA:69,1,0,0
BRDA:69,1,1,0
BRDA:84,2,0,0
BRDA:84,2,1,0
BRDA:88,3,0,0
BRDA:88,3,1,0
BRDA:93,4,0,0
BRDA:93,4,1,0
BRDA:95,5,0,0
BRDA:95,5,1,0
BRDA:100,6,0,0
BRDA:100,6,1,0
BRDA:113,7,0,0
BRDA:113,7,1,0
BRDA:113,7,2,0
BRDA:113,7,3,0
BRDA:167,8,0,0
BRDA:167,8,1,0
BRDA:173,9,0,0
BRDA:173,9,1,0
BRF:22
BRH:0
end_of_record
TN:
SF:src/tools/get-categories-tool.ts
FN:46,(anonymous_0)
FN:65,(anonymous_1)
FNF:2
FNH:0
FNDA:0,(anonymous_0)
FNDA:0,(anonymous_1)
DA:12,0
DA:15,0
DA:21,0
DA:41,0
DA:49,0
DA:51,0
DA:52,0
DA:55,0
DA:58,0
DA:59,0
DA:64,0
DA:65,0
DA:77,0
DA:80,0
DA:81,0
DA:95,0
DA:97,0
DA:100,0
DA:101,0
DA:111,0
LF:20
LH:0
BRDA:59,0,0,0
BRDA:59,0,1,0
BRDA:80,1,0,0
BRDA:80,1,1,0
BRDA:97,2,0,0
BRDA:97,2,1,0
BRDA:100,3,0,0
BRDA:100,3,1,0
BRDA:105,4,0,0
BRDA:105,4,1,0
BRDA:111,5,0,0
BRDA:111,5,1,0
BRF:12
BRH:0
end_of_record
TN:
SF:src/tools/get-newsletter-links-tool.ts
FN:42,(anonymous_0)
FN:66,(anonymous_1)
FN:73,(anonymous_2)
FN:78,(anonymous_3)
FNF:4
FNH:0
FNDA:0,(anonymous_0)
FNDA:0,(anonymous_1)
FNDA:0,(anonymous_2)
FNDA:0,(anonymous_3)
DA:12,0
DA:19,0
DA:37,0
DA:43,0
DA:44,0
DA:46,0
DA:47,0
DA:50,0
DA:53,0
DA:54,0
DA:55,0
DA:62,0
DA:65,0
DA:66,0
DA:67,0
DA:72,0
DA:73,0
DA:76,0
DA:78,0
DA:87,0
DA:88,0
DA:90,0
DA:91,0
LF:23
LH:0
BRDA:53,0,0,0
BRDA:53,0,1,0
BRDA:65,1,0,0
BRDA:65,1,1,0
BRDA:65,2,0,0
BRDA:65,2,1,0
BRDA:67,3,0,0
BRDA:67,3,1,0
BRDA:72,4,0,0
BRDA:72,4,1,0
BRDA:90,5,0,0
BRDA:90,5,1,0
BRDA:91,6,0,0
BRDA:91,6,1,0
BRF:14
BRH:0
end_of_record
TN:
SF:src/tools/get-newsletter-sources-tool.ts
FN:25,(anonymous_0)
FN:64,(anonymous_1)
FN:105,(anonymous_2)
FN:113,(anonymous_3)
FN:117,(anonymous_4)
FN:157,getSortField
FN:172,extractDomain
FNF:7
FNH:0
FNDA:0,(anonymous_0)
FNDA:0,(anonymous_1)
FNDA:0,(anonymous_2)
FNDA:0,(anonymous_3)
FNDA:0,(anonymous_4)
FNDA:0,getSortField
FNDA:0,extractDomain
DA:13,0
DA:20,0
DA:26,0
DA:28,0
DA:29,0
DA:36,0
DA:39,0
DA:42,0
DA:54,0
DA:57,0
DA:59,0
DA:61,0
DA:64,0
DA:66,0
DA:67,0
DA:73,0
DA:77,0
DA:84,0
DA:86,0
DA:87,0
DA:88,0
DA:93,0
DA:95,0
DA:97,0
DA:105,0
DA:111,0
DA:113,0
DA:117,0
DA:125,0
DA:127,0
DA:140,0
DA:142,0
DA:158,0
DA:160,0
DA:162,0
DA:165,0
DA:173,0
DA:175,0
DA:176,0
DA:178,0
LF:40
LH:0
BRDA:50,0,0,0
BRDA:50,0,1,0
BRDA:66,1,0,0
BRDA:66,1,1,0
BRDA:87,2,0,0
BRDA:87,2,1,0
BRDA:87,3,0,0
BRDA:87,3,1,0
BRDA:93,4,0,0
BRDA:93,4,1,0
BRDA:140,5,0,0
BRDA:140,5,1,0
BRDA:146,6,0,0
BRDA:146,6,1,0
BRDA:158,7,0,0
BRDA:158,7,1,0
BRDA:158,7,2,0
BRDA:158,7,3,0
BRDA:176,8,0,0
BRDA:176,8,1,0
BRF:20
BRH:0
end_of_record
TN:
SF:src/tools/get-newsletter-topics-tool.ts
FN:40,(anonymous_0)
FN:61,(anonymous_1)
FN:66,(anonymous_2)
FNF:3
FNH:0
FNDA:0,(anonymous_0)
FNDA:0,(anonymous_1)
FNDA:0,(anonymous_2)
DA:12,0
DA:18,0
DA:35,0
DA:41,0
DA:42,0
DA:44,0
DA:45,0
DA:48,0
DA:51,0
DA:52,0
DA:53,0
DA:60,0
DA:61,0
DA:64,0
DA:66,0
DA:74,0
DA:75,0
DA:77,0
DA:78,0
LF:19
LH:0
BRDA:51,0,0,0
BRDA:51,0,1,0
BRDA:77,1,0,0
BRDA:77,1,1,0
BRDA:78,2,0,0
BRDA:78,2,1,0
BRF:6
BRH:0
end_of_record
TN:
SF:src/tools/get-newsletters-for-verification-tool.ts
FN:24,(anonymous_0)
FN:95,getMockVerificationItems
FNF:2
FNH:0
FNDA:0,(anonymous_0)
FNDA:0,getMockVerificationItems
DA:13,0
DA:19,0
DA:25,0
DA:27,0
DA:28,0
DA:31,0
DA:36,0
DA:38,0
DA:39,0
DA:50,0
DA:52,0
DA:53,0
DA:54,0
DA:55,0
DA:56,0
DA:58,0
DA:59,0
DA:60,0
DA:61,0
DA:65,0
DA:68,0
DA:77,0
DA:79,0
DA:97,0
LF:24
LH:0
BRDA:28,0,0,0
BRDA:28,0,1,0
BRDA:36,1,0,0
BRDA:36,1,1,0
BRDA:38,2,0,0
BRDA:38,2,1,0
BRDA:58,3,0,0
BRDA:58,3,1,0
BRDA:58,4,0,0
BRDA:58,4,1,0
BRDA:77,5,0,0
BRDA:77,5,1,0
BRDA:83,6,0,0
BRDA:83,6,1,0
BRF:14
BRH:0
end_of_record
TN:
SF:src/tools/get-newsletters-tool.ts
FN:58,(anonymous_0)
FN:86,(anonymous_1)
FN:115,(anonymous_2)
FN:116,(anonymous_3)
FN:131,(anonymous_4)
FN:195,formatDate
FNF:6
FNH:2
FNDA:1,(anonymous_0)
FNDA:0,(anonymous_1)
FNDA:0,(anonymous_2)
FNDA:0,(anonymous_3)
FNDA:0,(anonymous_4)
FNDA:2,formatDate
DA:16,1
DA:22,1
DA:31,1
DA:53,1
DA:59,1
DA:61,1
DA:62,1
DA:65,1
DA:66,1
DA:67,1
DA:68,1
DA:71,1
DA:74,1
DA:77,1
DA:78,1
DA:79,1
DA:81,1
DA:85,1
DA:86,0
DA:90,1
DA:91,1
DA:96,1
DA:98,1
DA:99,0
DA:101,0
DA:104,0
DA:106,0
DA:108,0
DA:111,0
DA:114,0
DA:115,0
DA:116,0
DA:117,0
DA:122,0
DA:125,0
DA:131,0
DA:142,0
DA:143,0
DA:144,0
DA:147,0
DA:150,0
DA:151,0
DA:155,0
DA:161,1
DA:163,1
DA:165,1
DA:178,0
DA:180,0
DA:196,2
LF:49
LH:26
BRDA:77,0,0,1
BRDA:77,0,1,0
BRDA:79,1,0,1
BRDA:79,1,1,0
BRDA:85,2,0,0
BRDA:85,2,1,1
BRDA:85,3,0,1
BRDA:85,3,1,0
BRDA:92,4,0,1
BRDA:92,4,1,0
BRDA:101,5,0,0
BRDA:101,5,1,0
BRDA:106,6,0,0
BRDA:106,6,1,0
BRDA:114,7,0,0
BRDA:114,7,1,0
BRDA:114,8,0,0
BRDA:114,8,1,0
BRDA:116,9,0,0
BRDA:116,9,1,0
BRDA:122,10,0,0
BRDA:122,10,1,0
BRDA:135,11,0,0
BRDA:135,11,1,0
BRDA:142,12,0,0
BRDA:142,12,1,0
BRDA:150,13,0,0
BRDA:150,13,1,0
BRDA:150,14,0,0
BRDA:150,14,1,0
BRDA:155,15,0,0
BRDA:155,15,1,0
BRDA:178,16,0,0
BRDA:178,16,1,0
BRDA:184,17,0,0
BRDA:184,17,1,0
BRF:36
BRH:5
end_of_record
TN:
SF:src/tools/index.ts
FN:39,registerHypatTools
FNF:1
FNH:0
FNDA:0,registerHypatTools
DA:40,0
DA:46,0
LF:2
LH:0
BRF:0
BRH:0
end_of_record
TN:
SF:src/tools/manage-category-tool.ts
FN:52,(anonymous_0)
FNF:1
FNH:0
FNDA:0,(anonymous_0)
DA:12,0
DA:15,0
DA:26,0
DA:47,0
DA:53,0
DA:55,0
DA:56,0
DA:59,0
DA:61,0
DA:62,0
DA:66,0
DA:68,0
DA:69,0
DA:73,0
DA:81,0
DA:97,0
DA:98,0
DA:102,0
DA:103,0
DA:104,0
DA:108,0
DA:116,0
DA:132,0
DA:133,0
DA:137,0
DA:138,0
DA:139,0
DA:143,0
DA:145,0
DA:154,0
DA:157,0
DA:159,0
LF:32
LH:0
BRDA:61,0,0,0
BRDA:61,0,1,0
BRDA:66,1,0,0
BRDA:66,1,1,0
BRDA:66,1,2,0
BRDA:66,1,3,0
BRDA:68,2,0,0
BRDA:68,2,1,0
BRDA:97,3,0,0
BRDA:97,3,1,0
BRDA:103,4,0,0
BRDA:103,4,1,0
BRDA:132,5,0,0
BRDA:132,5,1,0
BRDA:138,6,0,0
BRDA:138,6,1,0
BRDA:147,7,0,0
BRDA:147,7,1,0
BRDA:157,8,0,0
BRDA:157,8,1,0
BRDA:161,9,0,0
BRDA:161,9,1,0
BRF:22
BRH:0
end_of_record
TN:
SF:src/tools/record-newsletter-feedback-tool.ts
FN:24,(anonymous_0)
FNF:1
FNH:0
FNDA:0,(anonymous_0)
DA:13,0
DA:19,0
DA:25,0
DA:27,0
DA:28,0
DA:31,0
DA:34,0
DA:40,0
DA:49,0
DA:51,0
LF:10
LH:0
BRDA:37,0,0,0
BRDA:37,0,1,0
BRDA:49,1,0,0
BRDA:49,1,1,0
BRDA:55,2,0,0
BRDA:55,2,1,0
BRF:6
BRH:0
end_of_record
TN:
SF:src/tools/search-newsletters-tool.ts
FN:34,(anonymous_0)
FN:70,(anonymous_1)
FN:82,(anonymous_2)
FN:86,(anonymous_3)
FNF:4
FNH:0
FNDA:0,(anonymous_0)
FNDA:0,(anonymous_1)
FNDA:0,(anonymous_2)
FNDA:0,(anonymous_3)
DA:14,0
DA:20,0
DA:29,0
DA:35,0
DA:37,0
DA:38,0
DA:45,0
DA:46,0
DA:49,0
DA:52,0
DA:54,0
DA:55,0
DA:56,0
DA:58,0
DA:61,0
DA:62,0
DA:66,0
DA:68,0
DA:69,0
DA:70,0
DA:74,0
DA:75,0
DA:78,0
DA:82,0
DA:85,0
DA:86,0
DA:88,0
DA:93,0
DA:96,0
DA:103,0
DA:105,0
DA:107,0
DA:109,0
DA:110,0
DA:114,0
DA:117,0
DA:129,0
DA:130,0
DA:134,0
DA:137,0
DA:140,0
DA:142,0
DA:155,0
DA:157,0
LF:44
LH:0
BRDA:54,0,0,0
BRDA:54,0,1,0
BRDA:56,1,0,0
BRDA:56,1,1,0
BRDA:61,2,0,0
BRDA:61,2,1,0
BRDA:61,3,0,0
BRDA:61,3,1,0
BRDA:68,4,0,0
BRDA:68,4,1,0
BRDA:74,5,0,0
BRDA:74,5,1,0
BRDA:74,6,0,0
BRDA:74,6,1,0
BRDA:85,7,0,0
BRDA:85,7,1,0
BRDA:98,8,0,0
BRDA:98,8,1,0
BRDA:109,9,0,0
BRDA:109,9,1,0
BRDA:125,10,0,0
BRDA:125,10,1,0
BRDA:129,11,0,0
BRDA:129,11,1,0
BRDA:130,12,0,0
BRDA:130,12,1,0
BRDA:155,13,0,0
BRDA:155,13,1,0
BRDA:161,14,0,0
BRDA:161,14,1,0
BRF:30
BRH:0
end_of_record
TN:
SF:src/tools/send-digest-email-tool.ts
FN:37,(anonymous_0)
FNF:1
FNH:0
FNDA:0,(anonymous_0)
DA:14,0
DA:32,0
DA:38,0
DA:40,0
DA:41,0
DA:48,0
DA:49,0
DA:50,0
DA:53,0
DA:56,0
DA:58,0
DA:59,0
DA:63,0
DA:65,0
DA:66,0
DA:72,0
DA:74,0
DA:76,0
DA:77,0
DA:80,0
DA:81,0
DA:85,0
DA:86,0
DA:89,0
DA:90,0
DA:93,0
DA:97,0
DA:103,0
DA:104,0
DA:105,0
DA:106,0
DA:107,0
DA:113,0
DA:118,0
DA:130,0
DA:137,0
DA:139,0
DA:157,0
DA:159,0
LF:39
LH:0
BRDA:58,0,0,0
BRDA:58,0,1,0
BRDA:63,1,0,0
BRDA:63,1,1,0
BRDA:65,2,0,0
BRDA:65,2,1,0
BRDA:72,3,0,0
BRDA:72,3,1,0
BRDA:76,4,0,0
BRDA:76,4,1,0
BRDA:80,5,0,0
BRDA:80,5,1,0
BRDA:85,6,0,0
BRDA:85,6,1,0
BRDA:90,7,0,0
BRDA:90,7,1,0
BRDA:103,8,0,0
BRDA:103,8,1,0
BRDA:106,9,0,0
BRDA:106,9,1,0
BRDA:109,10,0,0
BRDA:109,10,1,0
BRDA:113,11,0,0
BRDA:113,11,1,0
BRDA:133,12,0,0
BRDA:133,12,1,0
BRDA:157,13,0,0
BRDA:157,13,1,0
BRDA:163,14,0,0
BRDA:163,14,1,0
BRF:30
BRH:0
end_of_record
TN:
SF:src/tools/tool-registrar.ts
FN:43,(anonymous_0)
FN:55,(anonymous_1)
FN:103,(anonymous_2)
FN:126,(anonymous_3)
FN:148,(anonymous_4)
FN:156,(anonymous_5)
FN:164,(anonymous_6)
FNF:7
FNH:0
FNDA:0,(anonymous_0)
FNDA:0,(anonymous_1)
FNDA:0,(anonymous_2)
FNDA:0,(anonymous_3)
FNDA:0,(anonymous_4)
FNDA:0,(anonymous_5)
FNDA:0,(anonymous_6)
DA:44,0
DA:45,0
DA:46,0
DA:49,0
DA:57,0
DA:64,0
DA:65,0
DA:68,0
DA:76,0
DA:77,0
DA:80,0
DA:86,0
DA:87,0
DA:90,0
DA:95,0
DA:96,0
DA:104,0
DA:106,0
DA:109,0
DA:110,0
DA:112,0
DA:113,0
DA:114,0
DA:118,0
DA:127,0
DA:129,0
DA:130,0
DA:133,0
DA:135,0
DA:137,0
DA:138,0
DA:139,0
DA:142,0
DA:149,0
DA:157,0
DA:158,0
DA:165,0
DA:170,0
LF:38
LH:0
BRDA:129,0,0,0
BRDA:129,0,1,0
BRDA:158,1,0,0
BRDA:158,1,1,0
BRF:4
BRH:0
end_of_record
TN:
SF:src/tools/update-newsletter-feedback-tool.ts
FN:36,(anonymous_0)
FN:211,(anonymous_1)
FNF:2
FNH:0
FNDA:0,(anonymous_0)
FNDA:0,(anonymous_1)
DA:14,0
DA:25,0
DA:31,0
DA:37,0
DA:39,0
DA:40,0
DA:45,0
DA:48,0
DA:49,0
DA:53,0
DA:54,0
DA:55,0
DA:56,0
DA:59,0
DA:61,0
DA:67,0
DA:69,0
DA:70,0
DA:71,0
DA:73,0
DA:76,0
DA:81,0
DA:88,0
DA:93,0
DA:97,0
DA:102,0
DA:109,0
DA:114,0
DA:118,0
DA:123,0
DA:133,0
DA:138,0
DA:141,0
DA:142,0
DA:146,0
DA:147,0
DA:148,0
DA:150,0
DA:153,0
DA:159,0
DA:162,0
DA:163,0
DA:167,0
DA:168,0
DA:169,0
DA:171,0
DA:174,0
DA:180,0
DA:183,0
DA:186,0
DA:188,0
DA:198,0
DA:199,0
DA:202,0
DA:203,0
DA:205,0
DA:208,0
DA:211,0
DA:212,0
DA:214,0
DA:227,0
DA:229,0
LF:62
LH:0
BRDA:53,0,0,0
BRDA:53,0,1,0
BRDA:73,1,0,0
BRDA:73,1,1,0
BRDA:73,1,2,0
BRDA:73,1,3,0
BRDA:73,1,4,0
BRDA:73,1,5,0
BRDA:127,2,0,0
BRDA:127,2,1,0
BRDA:141,3,0,0
BRDA:141,3,1,0
BRDA:147,4,0,0
BRDA:147,4,1,0
BRDA:162,5,0,0
BRDA:162,5,1,0
BRDA:168,6,0,0
BRDA:168,6,1,0
BRDA:186,7,0,0
BRDA:186,7,1,0
BRDA:192,8,0,0
BRDA:192,8,1,0
BRDA:205,9,0,0
BRDA:205,9,1,0
BRDA:227,10,0,0
BRDA:227,10,1,0
BRDA:233,11,0,0
BRDA:233,11,1,0
BRF:28
BRH:0
end_of_record
TN:
SF:src/tools/verify-newsletters-tool.ts
FN:30,(anonymous_0)
FNF:1
FNH:0
FNDA:0,(anonymous_0)
DA:14,0
DA:25,0
DA:31,0
DA:33,0
DA:34,0
DA:40,0
DA:43,0
DA:46,0
DA:49,0
DA:55,0
DA:58,0
DA:61,0
DA:62,0
DA:65,0
DA:107,0
DA:108,0
DA:111,0
DA:112,0
DA:123,0
DA:125,0
DA:127,0
DA:129,0
DA:130,0
DA:131,0
DA:135,0
DA:138,0
DA:139,0
DA:140,0
DA:141,0
DA:143,0
DA:148,0
DA:160,0
DA:161,0
DA:165,0
DA:166,0
DA:174,0
DA:177,0
DA:206,0
DA:208,0
LF:39
LH:0
BRDA:50,0,0,0
BRDA:50,0,1,0
BRDA:51,1,0,0
BRDA:51,1,1,0
BRDA:61,2,0,0
BRDA:61,2,1,0
BRDA:61,3,0,0
BRDA:61,3,1,0
BRDA:111,4,0,0
BRDA:111,4,1,0
BRDA:129,5,0,0
BRDA:129,5,1,0
BRDA:139,6,0,0
BRDA:139,6,1,0
BRDA:143,7,0,0
BRDA:143,7,1,0
BRDA:155,8,0,0
BRDA:155,8,1,0
BRDA:156,9,0,0
BRDA:156,9,1,0
BRDA:160,10,0,0
BRDA:160,10,1,0
BRDA:160,11,0,0
BRDA:160,11,1,0
BRDA:160,11,2,0
BRDA:165,12,0,0
BRDA:165,12,1,0
BRDA:167,13,0,0
BRDA:167,13,1,0
BRDA:168,14,0,0
BRDA:168,14,1,0
BRDA:169,15,0,0
BRDA:169,15,1,0
BRDA:170,16,0,0
BRDA:170,16,1,0
BRDA:206,17,0,0
BRDA:206,17,1,0
BRDA:212,18,0,0
BRDA:212,18,1,0
BRF:39
BRH:0
end_of_record
TN:
SF:src/utils/logger.ts
FN:23,(anonymous_0)
FN:31,(anonymous_1)
FN:40,(anonymous_2)
FN:48,(anonymous_3)
FN:56,(anonymous_4)
FN:64,(anonymous_5)
FN:74,(anonymous_6)
FN:106,(anonymous_7)
FNF:8
FNH:6
FNDA:77,(anonymous_0)
FNDA:0,(anonymous_1)
FNDA:0,(anonymous_2)
FNDA:1,(anonymous_3)
FNDA:61,(anonymous_4)
FNDA:81,(anonymous_5)
FNDA:143,(anonymous_6)
FNDA:143,(anonymous_7)
DA:21,77
DA:24,77
DA:32,0
DA:41,0
DA:49,1
DA:57,61
DA:65,81
DA:76,143
DA:77,81
DA:80,62
DA:81,62
DA:83,62
DA:85,0
DA:86,0
DA:87,0
DA:89,0
DA:91,1
DA:92,1
DA:94,61
DA:95,61
DA:97,0
DA:98,0
DA:107,143
DA:108,143
DA:109,143
DA:111,143
LF:26
LH:18
BRDA:76,0,0,81
BRDA:76,0,1,62
BRDA:83,1,0,0
BRDA:83,1,1,1
BRDA:83,1,2,61
BRDA:83,1,3,0
BRDA:86,2,0,0
BRDA:86,2,1,0
BRF:8
BRH:4
end_of_record
